Arguments: 
  /Users/mosaice/.nvm/versions/node/v8.12.0/bin/node /Users/mosaice/.nvm/versions/node/v8.12.0/bin/yarn add @types/graphql-voyager -D

PATH: 
  /Users/mosaice/.rvm/gems/ruby-2.4.1/bin:/Users/mosaice/.rvm/gems/ruby-2.4.1@global/bin:/Users/mosaice/.rvm/rubies/ruby-2.4.1/bin:/Users/mosaice/.yarn/bin:/Users/mosaice/.config/yarn/global/node_modules/.bin:/Users/mosaice/.nvm/versions/node/v8.12.0/bin:/usr/local/Cellar/android-sdk/24.4.1_1/tools:/usr/local/Cellar/android-sdk/24.4.1_1/platform-tools:/usr/local/Cellar/android-sdk/24.4.1_1/build-tools:/usr/local/sbin:/usr/local/bin:/usr/bin:/bin:/usr/sbin:/sbin:/Users/mosaice/.rvm/bin

Yarn version: 
  1.12.3

Node version: 
  8.12.0

Platform: 
  darwin x64

Trace: 
  Error: https://registry.npm.taobao.org/@types%2fgraphql-voyager: Not found
      at Request.params.callback [as _callback] (/Users/mosaice/.nvm/versions/node/v8.12.0/lib/node_modules/yarn/lib/cli.js:65894:18)
      at Request.self.callback (/Users/mosaice/.nvm/versions/node/v8.12.0/lib/node_modules/yarn/lib/cli.js:129018:22)
      at emitTwo (events.js:126:13)
      at Request.emit (events.js:214:7)
      at Request.<anonymous> (/Users/mosaice/.nvm/versions/node/v8.12.0/lib/node_modules/yarn/lib/cli.js:129990:10)
      at emitOne (events.js:116:13)
      at Request.emit (events.js:211:7)
      at IncomingMessage.<anonymous> (/Users/mosaice/.nvm/versions/node/v8.12.0/lib/node_modules/yarn/lib/cli.js:129912:12)
      at Object.onceWrapper (events.js:313:30)
      at emitNone (events.js:111:20)

npm manifest: 
  {
    "name": "express-sample",
    "version": "1.0.0",
    "description": "",
    "main": "index.js",
    "scripts": {
      "start": "node dist",
      "prestart": "rm -rf dist && tsc",
      "dev": "nodemon"
    },
    "keywords": [],
    "author": "",
    "license": "ISC",
    "dependencies": {
      "express": "^4.16.4",
      "express-graphql": "^0.7.1",
      "graphql": "^14.0.2",
      "graphql-voyager": "^1.0.0-rc.26",
      "mysql2": "^1.6.4"
    },
    "devDependencies": {
      "@types/express": "^4.16.0",
      "@types/express-graphql": "^0.6.2",
      "@types/graphql": "^14.0.3",
      "ts-node": "^7.0.1",
      "tslint": "^5.12.0",
      "typescript": "^3.2.2"
    }
  }

yarn manifest: 
  No manifest

Lockfile: 
  # THIS IS AN AUTOGENERATED FILE. DO NOT EDIT THIS FILE DIRECTLY.
  # yarn lockfile v1
  
  
  "@babel/runtime@7.0.0":
    version "7.0.0"
    resolved "http://registry.npm.taobao.org/@babel/runtime/download/@babel/runtime-7.0.0.tgz#adeb78fedfc855aa05bc041640f3f6f98e85424c"
    integrity sha1-ret4/t/IVaoFvAQWQPP2+Y6FQkw=
    dependencies:
      regenerator-runtime "^0.12.0"
  
  "@babel/runtime@7.2.0", "@babel/runtime@^7.0.0", "@babel/runtime@^7.1.2":
    version "7.2.0"
    resolved "http://registry.npm.taobao.org/@babel/runtime/download/@babel/runtime-7.2.0.tgz#b03e42eeddf5898e00646e4c840fa07ba8dcad7f"
    integrity sha1-sD5C7t31iY4AZG5MhA+ge6jcrX8=
    dependencies:
      regenerator-runtime "^0.12.0"
  
  "@f/animate@^1.0.1":
    version "1.0.1"
    resolved "http://registry.npm.taobao.org/@f/animate/download/@f/animate-1.0.1.tgz#a031398adadf9a0bd3a56398cec931f877d88485"
    integrity sha1-oDE5itrfmgvTpWOYzskx+HfYhIU=
    dependencies:
      "@f/elapsed-time" "^1.0.0"
      "@f/raf" "^1.0.0"
      "@f/tween" "^1.0.0"
  
  "@f/elapsed-time@^1.0.0":
    version "1.0.0"
    resolved "http://registry.npm.taobao.org/@f/elapsed-time/download/@f/elapsed-time-1.0.0.tgz#6a079a6104a87278bf5b4080444ef02d1b595449"
    integrity sha1-ageaYQSocni/W0CARE7wLRtZVEk=
    dependencies:
      "@f/timestamp" "^1.0.0"
  
  "@f/map-obj@^1.2.2":
    version "1.2.2"
    resolved "http://registry.npm.taobao.org/@f/map-obj/download/@f/map-obj-1.2.2.tgz#d9a9f8bd76caa2ae11b633dda24d9c6cccc1e60d"
    integrity sha1-2an4vXbKoq4RtjPdok2cbMzB5g0=
  
  "@f/raf@^1.0.0":
    version "1.0.3"
    resolved "http://registry.npm.taobao.org/@f/raf/download/@f/raf-1.0.3.tgz#32ddca37de345b20c8c3843018cc51b8f897914d"
    integrity sha1-Mt3KN940WyDIw4QwGMxRuPiXkU0=
  
  "@f/timestamp@^1.0.0":
    version "1.0.0"
    resolved "http://registry.npm.taobao.org/@f/timestamp/download/@f/timestamp-1.0.0.tgz#32a9166e2516e5ccb9b0fcfdc89223819710e88c"
    integrity sha1-MqkWbiUW5cy5sPz9yJIjgZcQ6Iw=
  
  "@f/tween@^1.0.0":
    version "1.0.1"
    resolved "http://registry.npm.taobao.org/@f/tween/download/@f/tween-1.0.1.tgz#18aef79c4975e54415adf326e4b5e0d053d207f0"
    integrity sha1-GK73nEl15UQVrfMm5LXg0FPSB/A=
    dependencies:
      "@f/map-obj" "^1.2.2"
  
  "@material-ui/core@^3.0.2":
    version "3.7.0"
    resolved "http://registry.npm.taobao.org/@material-ui/core/download/@material-ui/core-3.7.0.tgz#8e009fc7725408d547e3038e25216d85cd735bb3"
    integrity sha1-jgCfx3JUCNVH4wOOJSFthc1zW7M=
    dependencies:
      "@babel/runtime" "7.2.0"
      "@material-ui/utils" "^3.0.0-alpha.1"
      "@types/jss" "^9.5.6"
      "@types/react-transition-group" "^2.0.8"
      brcast "^3.0.1"
      classnames "^2.2.5"
      csstype "^2.5.2"
      debounce "^1.1.0"
      deepmerge "^3.0.0"
      dom-helpers "^3.2.1"
      hoist-non-react-statics "^3.2.1"
      is-plain-object "^2.0.4"
      jss "^9.3.3"
      jss-camel-case "^6.0.0"
      jss-default-unit "^8.0.2"
      jss-global "^3.0.0"
      jss-nested "^6.0.1"
      jss-props-sort "^6.0.0"
      jss-vendor-prefixer "^7.0.0"
      keycode "^2.1.9"
      normalize-scroll-left "^0.1.2"
      popper.js "^1.14.1"
      prop-types "^15.6.0"
      react-event-listener "^0.6.2"
      react-transition-group "^2.2.1"
      recompose "0.28.0 - 0.30.0"
      warning "^4.0.1"
  
  "@material-ui/utils@^3.0.0-alpha.1":
    version "3.0.0-alpha.1"
    resolved "http://registry.npm.taobao.org/@material-ui/utils/download/@material-ui/utils-3.0.0-alpha.1.tgz#4080d4c03eff439c31765c5ffc3d860ceb3dffc0"
    integrity sha1-QIDUwD7/Q5wxdlxf/D2GDOs9/8A=
    dependencies:
      "@babel/runtime" "7.2.0"
      react-is "^16.6.3"
  
  "@types/body-parser@*":
    version "1.17.0"
    resolved "http://registry.npm.taobao.org/@types/body-parser/download/@types/body-parser-1.17.0.tgz#9f5c9d9bd04bb54be32d5eb9fc0d8c974e6cf58c"
    integrity sha1-n1ydm9BLtUvjLV65/A2Ml05s9Yw=
    dependencies:
      "@types/connect" "*"
      "@types/node" "*"
  
  "@types/connect@*":
    version "3.4.32"
    resolved "http://registry.npm.taobao.org/@types/connect/download/@types/connect-3.4.32.tgz#aa0e9616b9435ccad02bc52b5b454ffc2c70ba28"
    integrity sha1-qg6WFrlDXMrQK8UrW0VP/Cxwuig=
    dependencies:
      "@types/node" "*"
  
  "@types/events@*":
    version "1.2.0"
    resolved "http://registry.npm.taobao.org/@types/events/download/@types/events-1.2.0.tgz#81a6731ce4df43619e5c8c945383b3e62a89ea86"
    integrity sha1-gaZzHOTfQ2GeXIyUU4Oz5iqJ6oY=
  
  "@types/express-graphql@^0.6.2":
    version "0.6.2"
    resolved "http://registry.npm.taobao.org/@types/express-graphql/download/@types/express-graphql-0.6.2.tgz#2b0608e74f2aa63fae0948f3b58abf03b613867f"
    integrity sha1-KwYI508qpj+uCUjztYq/A7YThn8=
    dependencies:
      "@types/express" "*"
      "@types/graphql" "*"
  
  "@types/express-serve-static-core@*":
    version "4.16.0"
    resolved "http://registry.npm.taobao.org/@types/express-serve-static-core/download/@types/express-serve-static-core-4.16.0.tgz#fdfe777594ddc1fe8eb8eccce52e261b496e43e7"
    integrity sha1-/f53dZTdwf6OuOzM5S4mG0luQ+c=
    dependencies:
      "@types/events" "*"
      "@types/node" "*"
      "@types/range-parser" "*"
  
  "@types/express@*", "@types/express@^4.16.0":
    version "4.16.0"
    resolved "http://registry.npm.taobao.org/@types/express/download/@types/express-4.16.0.tgz#6d8bc42ccaa6f35cf29a2b7c3333cb47b5a32a19"
    integrity sha1-bYvELMqm81zymit8MzPLR7WjKhk=
    dependencies:
      "@types/body-parser" "*"
      "@types/express-serve-static-core" "*"
      "@types/serve-static" "*"
  
  "@types/graphql@*", "@types/graphql@^14.0.3":
    version "14.0.3"
    resolved "http://registry.npm.taobao.org/@types/graphql/download/@types/graphql-14.0.3.tgz#389e2e5b83ecdb376d9f98fae2094297bc112c1c"
    integrity sha1-OJ4uW4Ps2zdtn5j64glCl7wRLBw=
  
  "@types/jss@^9.5.6":
    version "9.5.7"
    resolved "http://registry.npm.taobao.org/@types/jss/download/@types/jss-9.5.7.tgz#fa57a6d0b38a3abef8a425e3eb6a53495cb9d5a0"
    integrity sha1-+lem0LOKOr74pCXj62pTSVy51aA=
    dependencies:
      csstype "^2.0.0"
      indefinite-observable "^1.0.1"
  
  "@types/mime@*":
    version "2.0.0"
    resolved "http://registry.npm.taobao.org/@types/mime/download/@types/mime-2.0.0.tgz#5a7306e367c539b9f6543499de8dd519fac37a8b"
    integrity sha1-WnMG42fFObn2VDSZ3o3VGfrDeos=
  
  "@types/node@*":
    version "10.12.18"
    resolved "http://registry.npm.taobao.org/@types/node/download/@types/node-10.12.18.tgz#1d3ca764718915584fcd9f6344621b7672665c67"
    integrity sha1-HTynZHGJFVhPzZ9jRGIbdnJmXGc=
  
  "@types/prop-types@*":
    version "15.5.8"
    resolved "http://registry.npm.taobao.org/@types/prop-types/download/@types/prop-types-15.5.8.tgz#8ae4e0ea205fe95c3901a5a1df7f66495e3a56ce"
    integrity sha1-iuTg6iBf6Vw5AaWh339mSV46Vs4=
  
  "@types/range-parser@*":
    version "1.2.3"
    resolved "http://registry.npm.taobao.org/@types/range-parser/download/@types/range-parser-1.2.3.tgz#7ee330ba7caafb98090bece86a5ee44115904c2c"
    integrity sha1-fuMwunyq+5gJC+zoal7kQRWQTCw=
  
  "@types/react-transition-group@^2.0.8":
    version "2.0.15"
    resolved "http://registry.npm.taobao.org/@types/react-transition-group/download/@types/react-transition-group-2.0.15.tgz#e5ee3fe558832e141cc6041bdd54caea7b787af8"
    integrity sha1-5e4/5ViDLhQcxgQb3VTK6nt4evg=
    dependencies:
      "@types/react" "*"
  
  "@types/react@*":
    version "16.7.18"
    resolved "http://registry.npm.taobao.org/@types/react/download/@types/react-16.7.18.tgz#f4ce0d539a893dd61e36cd11ae3a5e54f5a48337"
    integrity sha1-9M4NU5qJPdYeNs0RrjpeVPWkgzc=
    dependencies:
      "@types/prop-types" "*"
      csstype "^2.2.0"
  
  "@types/serve-static@*":
    version "1.13.2"
    resolved "http://registry.npm.taobao.org/@types/serve-static/download/@types/serve-static-1.13.2.tgz#f5ac4d7a6420a99a6a45af4719f4dcd8cd907a48"
    integrity sha1-9axNemQgqZpqRa9HGfTc2M2Qekg=
    dependencies:
      "@types/express-serve-static-core" "*"
      "@types/mime" "*"
  
  accepts@^1.3.5, accepts@~1.3.5:
    version "1.3.5"
    resolved "http://registry.npm.taobao.org/accepts/download/accepts-1.3.5.tgz#eb777df6011723a3b14e8a72c0805c8e86746bd2"
    integrity sha1-63d99gEXI6OxTopywIBcjoZ0a9I=
    dependencies:
      mime-types "~2.1.18"
      negotiator "0.6.1"
  
  ansi-regex@^2.0.0:
    version "2.1.1"
    resolved "http://registry.npm.taobao.org/ansi-regex/download/ansi-regex-2.1.1.tgz#c3b33ab5ee360d86e0e628f0468ae7ef27d654df"
    integrity sha1-w7M6te42DYbg5ijwRorn7yfWVN8=
  
  ansi-styles@^2.2.1:
    version "2.2.1"
    resolved "http://registry.npm.taobao.org/ansi-styles/download/ansi-styles-2.2.1.tgz#b432dd3358b634cf75e1e4664368240533c1ddbe"
    integrity sha1-tDLdM1i2NM914eRmQ2gkBTPB3b4=
  
  ansi-styles@^3.2.1:
    version "3.2.1"
    resolved "http://registry.npm.taobao.org/ansi-styles/download/ansi-styles-3.2.1.tgz#41fbb20243e50b12be0f04b8dedbf07520ce841d"
    integrity sha1-QfuyAkPlCxK+DwS43tvwdSDOhB0=
    dependencies:
      color-convert "^1.9.0"
  
  argparse@^1.0.7:
    version "1.0.10"
    resolved "http://registry.npm.taobao.org/argparse/download/argparse-1.0.10.tgz#bcd6791ea5ae09725e17e5ad988134cd40b3d911"
    integrity sha1-vNZ5HqWuCXJeF+WtmIE0zUCz2RE=
    dependencies:
      sprintf-js "~1.0.2"
  
  array-flatten@1.1.1:
    version "1.1.1"
    resolved "http://registry.npm.taobao.org/array-flatten/download/array-flatten-1.1.1.tgz#9a5f699051b1e7073328f2a008968b64ea2955d2"
    integrity sha1-ml9pkFGx5wczKPKgCJaLZOopVdI=
  
  arrify@^1.0.0:
    version "1.0.1"
    resolved "http://registry.npm.taobao.org/arrify/download/arrify-1.0.1.tgz#898508da2226f380df904728456849c1501a4b0d"
    integrity sha1-iYUI2iIm84DfkEcoRWhJwVAaSw0=
  
  asap@~2.0.3:
    version "2.0.6"
    resolved "http://registry.npm.taobao.org/asap/download/asap-2.0.6.tgz#e50347611d7e690943208bbdafebcbc2fb866d46"
    integrity sha1-5QNHYR1+aQlDIIu9r+vLwvuGbUY=
  
  babel-code-frame@^6.22.0:
    version "6.26.0"
    resolved "http://registry.npm.taobao.org/babel-code-frame/download/babel-code-frame-6.26.0.tgz#63fd43f7dc1e3bb7ce35947db8fe369a3f58c74b"
    integrity sha1-Y/1D99weO7fONZR9uP42mj9Yx0s=
    dependencies:
      chalk "^1.1.3"
      esutils "^2.0.2"
      js-tokens "^3.0.2"
  
  balanced-match@^1.0.0:
    version "1.0.0"
    resolved "http://registry.npm.taobao.org/balanced-match/download/balanced-match-1.0.0.tgz#89b4d199ab2bee49de164ea02b89ce462d71b767"
    integrity sha1-ibTRmasr7kneFk6gK4nORi1xt2c=
  
  body-parser@1.18.3:
    version "1.18.3"
    resolved "http://registry.npm.taobao.org/body-parser/download/body-parser-1.18.3.tgz#5b292198ffdd553b3a0f20ded0592b956955c8b4"
    integrity sha1-WykhmP/dVTs6DyDe0FkrlWlVyLQ=
    dependencies:
      bytes "3.0.0"
      content-type "~1.0.4"
      debug "2.6.9"
      depd "~1.1.2"
      http-errors "~1.6.3"
      iconv-lite "0.4.23"
      on-finished "~2.3.0"
      qs "6.5.2"
      raw-body "2.3.3"
      type-is "~1.6.16"
  
  brace-expansion@^1.1.7:
    version "1.1.11"
    resolved "http://registry.npm.taobao.org/brace-expansion/download/brace-expansion-1.1.11.tgz#3c7fcbf529d87226f3d2f52b966ff5271eb441dd"
    integrity sha1-PH/L9SnYcibz0vUrlm/1Jx60Qd0=
    dependencies:
      balanced-match "^1.0.0"
      concat-map "0.0.1"
  
  brcast@^3.0.1:
    version "3.0.1"
    resolved "http://registry.npm.taobao.org/brcast/download/brcast-3.0.1.tgz#6256a8349b20de9eed44257a9b24d71493cd48dd"
    integrity sha1-YlaoNJsg3p7tRCV6myTXFJPNSN0=
  
  buffer-from@^1.0.0, buffer-from@^1.1.0:
    version "1.1.1"
    resolved "http://registry.npm.taobao.org/buffer-from/download/buffer-from-1.1.1.tgz#32713bc028f75c02fdb710d7c7bcec1f2c6070ef"
    integrity sha1-MnE7wCj3XAL9txDXx7zsHyxgcO8=
  
  builtin-modules@^1.1.1:
    version "1.1.1"
    resolved "http://registry.npm.taobao.org/builtin-modules/download/builtin-modules-1.1.1.tgz#270f076c5a72c02f5b65a47df94c5fe3a278892f"
    integrity sha1-Jw8HbFpywC9bZaR9+Uxf46J4iS8=
  
  bytes@3.0.0:
    version "3.0.0"
    resolved "http://registry.npm.taobao.org/bytes/download/bytes-3.0.0.tgz#d32815404d689699f85a4ea4fa8755dd13a96048"
    integrity sha1-0ygVQE1olpn4Wk6k+odV3ROpYEg=
  
  chalk@^1.1.3:
    version "1.1.3"
    resolved "http://registry.npm.taobao.org/chalk/download/chalk-1.1.3.tgz#a8115c55e4a702fe4d150abd3872822a7e09fc98"
    integrity sha1-qBFcVeSnAv5NFQq9OHKCKn4J/Jg=
    dependencies:
      ansi-styles "^2.2.1"
      escape-string-regexp "^1.0.2"
      has-ansi "^2.0.0"
      strip-ansi "^3.0.0"
      supports-color "^2.0.0"
  
  chalk@^2.3.0:
    version "2.4.1"
    resolved "http://registry.npm.taobao.org/chalk/download/chalk-2.4.1.tgz#18c49ab16a037b6eb0152cc83e3471338215b66e"
    integrity sha1-GMSasWoDe26wFSzIPjRxM4IVtm4=
    dependencies:
      ansi-styles "^3.2.1"
      escape-string-regexp "^1.0.5"
      supports-color "^5.3.0"
  
  change-emitter@^0.1.2:
    version "0.1.6"
    resolved "http://registry.npm.taobao.org/change-emitter/download/change-emitter-0.1.6.tgz#e8b2fe3d7f1ab7d69a32199aff91ea6931409515"
    integrity sha1-6LL+PX8at9aaMhma/5HqaTFAlRU=
  
  classnames@^2.2.5, classnames@^2.2.6:
    version "2.2.6"
    resolved "http://registry.npm.taobao.org/classnames/download/classnames-2.2.6.tgz#43935bffdd291f326dad0a205309b38d00f650ce"
    integrity sha1-Q5Nb/90pHzJtrQogUwmzjQD2UM4=
  
  clipboard@^2.0.1:
    version "2.0.4"
    resolved "http://registry.npm.taobao.org/clipboard/download/clipboard-2.0.4.tgz#836dafd66cf0fea5d71ce5d5b0bf6e958009112d"
    integrity sha1-g22v1mzw/qXXHOXVsL9ulYAJES0=
    dependencies:
      good-listener "^1.2.2"
      select "^1.1.2"
      tiny-emitter "^2.0.0"
  
  color-convert@^1.9.0:
    version "1.9.3"
    resolved "http://registry.npm.taobao.org/color-convert/download/color-convert-1.9.3.tgz#bb71850690e1f136567de629d2d5471deda4c1e8"
    integrity sha1-u3GFBpDh8TZWfeYp0tVHHe2kweg=
    dependencies:
      color-name "1.1.3"
  
  color-name@1.1.3:
    version "1.1.3"
    resolved "http://registry.npm.taobao.org/color-name/download/color-name-1.1.3.tgz#a7d0558bd89c42f795dd42328f740831ca53bc25"
    integrity sha1-p9BVi9icQveV3UIyj3QIMcpTvCU=
  
  commander@^2.12.1:
    version "2.19.0"
    resolved "http://registry.npm.taobao.org/commander/download/commander-2.19.0.tgz#f6198aa84e5b83c46054b94ddedbfed5ee9ff12a"
    integrity sha1-9hmKqE5bg8RgVLlN3tv+1e6f8So=
  
  commonmark@^0.28.1:
    version "0.28.1"
    resolved "http://registry.npm.taobao.org/commonmark/download/commonmark-0.28.1.tgz#06eab8d52338b839fa1a2d75af0085eed1b1beae"
    integrity sha1-Buq41SM4uDn6Gi11rwCF7tGxvq4=
    dependencies:
      entities "~ 1.1.1"
      mdurl "~ 1.0.1"
      minimist "~ 1.2.0"
      string.prototype.repeat "^0.2.0"
  
  concat-map@0.0.1:
    version "0.0.1"
    resolved "http://registry.npm.taobao.org/concat-map/download/concat-map-0.0.1.tgz#d8a96bd77fd68df7793a73036a3ba0d5405d477b"
    integrity sha1-2Klr13/Wjfd5OnMDajug1UBdR3s=
  
  content-disposition@0.5.2:
    version "0.5.2"
    resolved "http://registry.npm.taobao.org/content-disposition/download/content-disposition-0.5.2.tgz#0cf68bb9ddf5f2be7961c3a85178cb85dba78cb4"
    integrity sha1-DPaLud318r55YcOoUXjLhdunjLQ=
  
  content-type@^1.0.4, content-type@~1.0.4:
    version "1.0.4"
    resolved "http://registry.npm.taobao.org/content-type/download/content-type-1.0.4.tgz#e138cc75e040c727b1966fe5e5f8c9aee256fe3b"
    integrity sha1-4TjMdeBAxyexlm/l5fjJruJW/js=
  
  cookie-signature@1.0.6:
    version "1.0.6"
    resolved "http://registry.npm.taobao.org/cookie-signature/download/cookie-signature-1.0.6.tgz#e303a882b342cc3ee8ca513a79999734dab3ae2c"
    integrity sha1-4wOogrNCzD7oylE6eZmXNNqzriw=
  
  cookie@0.3.1:
    version "0.3.1"
    resolved "http://registry.npm.taobao.org/cookie/download/cookie-0.3.1.tgz#e7e0a1f9ef43b4c8ba925c5c5a96e806d16873bb"
    integrity sha1-5+Ch+e9DtMi6klxcWpboBtFoc7s=
  
  core-js@^1.0.0:
    version "1.2.7"
    resolved "http://registry.npm.taobao.org/core-js/download/core-js-1.2.7.tgz#652294c14651db28fa93bd2d5ff2983a4f08c636"
    integrity sha1-ZSKUwUZR2yj6k70tX/KYOk8IxjY=
  
  css-vendor@^0.3.8:
    version "0.3.8"
    resolved "http://registry.npm.taobao.org/css-vendor/download/css-vendor-0.3.8.tgz#6421cfd3034ce664fe7673972fd0119fc28941fa"
    integrity sha1-ZCHP0wNM5mT+dnOXL9ARn8KJQfo=
    dependencies:
      is-in-browser "^1.0.2"
  
  csstype@^2.0.0, csstype@^2.2.0, csstype@^2.5.2:
    version "2.5.8"
    resolved "http://registry.npm.taobao.org/csstype/download/csstype-2.5.8.tgz#4ce5aa16ea0d562ef9105fa3ae2676f199586a35"
    integrity sha1-TOWqFuoNVi75EF+jriZ28ZlYajU=
  
  debounce@^1.1.0:
    version "1.2.0"
    resolved "http://registry.npm.taobao.org/debounce/download/debounce-1.2.0.tgz#44a540abc0ea9943018dc0eaa95cce87f65cd131"
    integrity sha1-RKVAq8DqmUMBjcDqqVzOh/Zc0TE=
  
  debug@2.6.9:
    version "2.6.9"
    resolved "http://registry.npm.taobao.org/debug/download/debug-2.6.9.tgz#5d128515df134ff327e90a4c93f4e077a536341f"
    integrity sha1-XRKFFd8TT/Mn6QpMk/Tgd6U2NB8=
    dependencies:
      ms "2.0.0"
  
  deepmerge@^3.0.0:
    version "3.0.0"
    resolved "http://registry.npm.taobao.org/deepmerge/download/deepmerge-3.0.0.tgz#ca7903b34bfa1f8c2eab6779280775a411bfc6ba"
    integrity sha1-ynkDs0v6H4wuq2d5KAd1pBG/xro=
  
  delegate@^3.1.2:
    version "3.2.0"
    resolved "http://registry.npm.taobao.org/delegate/download/delegate-3.2.0.tgz#b66b71c3158522e8ab5744f720d8ca0c2af59166"
    integrity sha1-tmtxwxWFIuirV0T3INjKDCr1kWY=
  
  denque@1.3.0:
    version "1.3.0"
    resolved "http://registry.npm.taobao.org/denque/download/denque-1.3.0.tgz#681092ef44a630246d3f6edb2a199230eae8e76b"
    integrity sha1-aBCS70SmMCRtP27bKhmSMOro52s=
  
  depd@~1.1.2:
    version "1.1.2"
    resolved "http://registry.npm.taobao.org/depd/download/depd-1.1.2.tgz#9bcd52e14c097763e749b274c4346ed2e560b5a9"
    integrity sha1-m81S4UwJd2PnSbJ0xDRu0uVgtak=
  
  destroy@~1.0.4:
    version "1.0.4"
    resolved "http://registry.npm.taobao.org/destroy/download/destroy-1.0.4.tgz#978857442c44749e4206613e37946205826abd80"
    integrity sha1-l4hXRCxEdJ5CBmE+N5RiBYJqvYA=
  
  diff@^3.1.0, diff@^3.2.0:
    version "3.5.0"
    resolved "http://registry.npm.taobao.org/diff/download/diff-3.5.0.tgz#800c0dd1e0a8bfbc95835c202ad220fe317e5a12"
    integrity sha1-gAwN0eCov7yVg1wgKtIg/jF+WhI=
  
  dom-helpers@^3.2.1, dom-helpers@^3.3.1:
    version "3.4.0"
    resolved "http://registry.npm.taobao.org/dom-helpers/download/dom-helpers-3.4.0.tgz#e9b369700f959f62ecde5a6babde4bccd9169af8"
    integrity sha1-6bNpcA+Vn2Ls3lprq95LzNkWmvg=
    dependencies:
      "@babel/runtime" "^7.1.2"
  
  ee-first@1.1.1:
    version "1.1.1"
    resolved "http://registry.npm.taobao.org/ee-first/download/ee-first-1.1.1.tgz#590c61156b0ae2f4f0255732a158b266bc56b21d"
    integrity sha1-WQxhFWsK4vTwJVcyoViyZrxWsh0=
  
  encodeurl@~1.0.2:
    version "1.0.2"
    resolved "http://registry.npm.taobao.org/encodeurl/download/encodeurl-1.0.2.tgz#ad3ff4c86ec2d029322f5a02c3a9a606c95b3f59"
    integrity sha1-rT/0yG7C0CkyL1oCw6mmBslbP1k=
  
  encoding@^0.1.11:
    version "0.1.12"
    resolved "http://registry.npm.taobao.org/encoding/download/encoding-0.1.12.tgz#538b66f3ee62cd1ab51ec323829d1f9480c74beb"
    integrity sha1-U4tm8+5izRq1HsMjgp0flIDHS+s=
    dependencies:
      iconv-lite "~0.4.13"
  
  "entities@~ 1.1.1":
    version "1.1.2"
    resolved "http://registry.npm.taobao.org/entities/download/entities-1.1.2.tgz#bdfa735299664dfafd34529ed4f8522a275fea56"
    integrity sha1-vfpzUplmTfr9NFKe1PhSKidf6lY=
  
  escape-html@~1.0.3:
    version "1.0.3"
    resolved "http://registry.npm.taobao.org/escape-html/download/escape-html-1.0.3.tgz#0258eae4d3d0c0974de1c169188ef0051d1d1988"
    integrity sha1-Aljq5NPQwJdN4cFpGI7wBR0dGYg=
  
  escape-string-regexp@^1.0.2, escape-string-regexp@^1.0.5:
    version "1.0.5"
    resolved "http://registry.npm.taobao.org/escape-string-regexp/download/escape-string-regexp-1.0.5.tgz#1b61c0562190a8dff6ae3bb2cf0200ca130b86d4"
    integrity sha1-G2HAViGQqN/2rjuyzwIAyhMLhtQ=
  
  esprima@^4.0.0:
    version "4.0.1"
    resolved "http://registry.npm.taobao.org/esprima/download/esprima-4.0.1.tgz#13b04cdb3e6c5d19df91ab6987a8695619b0aa71"
    integrity sha1-E7BM2z5sXRnfkatph6hpVhmwqnE=
  
  esutils@^2.0.2:
    version "2.0.2"
    resolved "http://registry.npm.taobao.org/esutils/download/esutils-2.0.2.tgz#0abf4f1caa5bcb1f7a9d8acc6dea4faaa04bac9b"
    integrity sha1-Cr9PHKpbyx96nYrMbepPqqBLrJs=
  
  etag@~1.8.1:
    version "1.8.1"
    resolved "http://registry.npm.taobao.org/etag/download/etag-1.8.1.tgz#41ae2eeb65efa62268aebfea83ac7d79299b0887"
    integrity sha1-Qa4u62XvpiJorr/qg6x9eSmbCIc=
  
  express-graphql@^0.7.1:
    version "0.7.1"
    resolved "http://registry.npm.taobao.org/express-graphql/download/express-graphql-0.7.1.tgz#6c7712ee966c3aba1930e064ea4c8181e56fd3ef"
    integrity sha1-bHcS7pZsOroZMOBk6kyBgeVv0+8=
    dependencies:
      accepts "^1.3.5"
      content-type "^1.0.4"
      http-errors "^1.7.1"
      raw-body "^2.3.3"
  
  express@^4.16.4:
    version "4.16.4"
    resolved "http://registry.npm.taobao.org/express/download/express-4.16.4.tgz#fddef61926109e24c515ea97fd2f1bdbf62df12e"
    integrity sha1-/d72GSYQniTFFeqX/S8b2/Yt8S4=
    dependencies:
      accepts "~1.3.5"
      array-flatten "1.1.1"
      body-parser "1.18.3"
      content-disposition "0.5.2"
      content-type "~1.0.4"
      cookie "0.3.1"
      cookie-signature "1.0.6"
      debug "2.6.9"
      depd "~1.1.2"
      encodeurl "~1.0.2"
      escape-html "~1.0.3"
      etag "~1.8.1"
      finalhandler "1.1.1"
      fresh "0.5.2"
      merge-descriptors "1.0.1"
      methods "~1.1.2"
      on-finished "~2.3.0"
      parseurl "~1.3.2"
      path-to-regexp "0.1.7"
      proxy-addr "~2.0.4"
      qs "6.5.2"
      range-parser "~1.2.0"
      safe-buffer "5.1.2"
      send "0.16.2"
      serve-static "1.13.2"
      setprototypeof "1.1.0"
      statuses "~1.4.0"
      type-is "~1.6.16"
      utils-merge "1.0.1"
      vary "~1.1.2"
  
  fbjs@^0.8.1:
    version "0.8.17"
    resolved "http://registry.npm.taobao.org/fbjs/download/fbjs-0.8.17.tgz#c4d598ead6949112653d6588b01a5cdcd9f90fdd"
    integrity sha1-xNWY6taUkRJlPWWIsBpc3Nn5D90=
    dependencies:
      core-js "^1.0.0"
      isomorphic-fetch "^2.1.1"
      loose-envify "^1.0.0"
      object-assign "^4.1.0"
      promise "^7.1.1"
      setimmediate "^1.0.5"
      ua-parser-js "^0.7.18"
  
  finalhandler@1.1.1:
    version "1.1.1"
    resolved "http://registry.npm.taobao.org/finalhandler/download/finalhandler-1.1.1.tgz#eebf4ed840079c83f4249038c9d703008301b105"
    integrity sha1-7r9O2EAHnIP0JJA4ydcDAIMBsQU=
    dependencies:
      debug "2.6.9"
      encodeurl "~1.0.2"
      escape-html "~1.0.3"
      on-finished "~2.3.0"
      parseurl "~1.3.2"
      statuses "~1.4.0"
      unpipe "~1.0.0"
  
  forwarded@~0.1.2:
    version "0.1.2"
    resolved "http://registry.npm.taobao.org/forwarded/download/forwarded-0.1.2.tgz#98c23dab1175657b8c0573e8ceccd91b0ff18c84"
    integrity sha1-mMI9qxF1ZXuMBXPozszZGw/xjIQ=
  
  fresh@0.5.2:
    version "0.5.2"
    resolved "http://registry.npm.taobao.org/fresh/download/fresh-0.5.2.tgz#3d8cadd90d976569fa835ab1f8e4b23a105605a7"
    integrity sha1-PYyt2Q2XZWn6g1qx+OSyOhBWBac=
  
  fs.realpath@^1.0.0:
    version "1.0.0"
    resolved "http://registry.npm.taobao.org/fs.realpath/download/fs.realpath-1.0.0.tgz#1504ad2523158caa40db4a2787cb01411994ea4f"
    integrity sha1-FQStJSMVjKpA20onh8sBQRmU6k8=
  
  generate-function@^2.3.1:
    version "2.3.1"
    resolved "http://registry.npm.taobao.org/generate-function/download/generate-function-2.3.1.tgz#f069617690c10c868e73b8465746764f97c3479f"
    integrity sha1-8GlhdpDBDIaOc7hGV0Z2T5fDR58=
    dependencies:
      is-property "^1.0.2"
  
  glob@^7.1.1:
    version "7.1.3"
    resolved "http://registry.npm.taobao.org/glob/download/glob-7.1.3.tgz#3960832d3f1574108342dafd3a67b332c0969df1"
    integrity sha1-OWCDLT8VdBCDQtr9OmezMsCWnfE=
    dependencies:
      fs.realpath "^1.0.0"
      inflight "^1.0.4"
      inherits "2"
      minimatch "^3.0.4"
      once "^1.3.0"
      path-is-absolute "^1.0.0"
  
  good-listener@^1.2.2:
    version "1.2.2"
    resolved "http://registry.npm.taobao.org/good-listener/download/good-listener-1.2.2.tgz#d53b30cdf9313dffb7dc9a0d477096aa6d145c50"
    integrity sha1-1TswzfkxPf+33JoNR3CWqm0UXFA=
    dependencies:
      delegate "^3.1.2"
  
  graphql-voyager@^1.0.0-rc.26:
    version "1.0.0-rc.26"
    resolved "http://registry.npm.taobao.org/graphql-voyager/download/graphql-voyager-1.0.0-rc.26.tgz#8655eef611c63b7e0effc07f8d76040e823038ed"
    integrity sha1-hlXu9hHGO34O/8B/jXYEDoIwOO0=
    dependencies:
      "@f/animate" "^1.0.1"
      "@material-ui/core" "^3.0.2"
      classnames "^2.2.6"
      clipboard "^2.0.1"
      commonmark "^0.28.1"
      lodash "^4.17.10"
      prop-types "^15.6.2"
      react-redux "^5.0.7"
      redux "^4.0.0"
      reselect "^4.0.0"
      svg-pan-zoom "^3.5.2"
      viz.js "2.0.0"
  
  graphql@^14.0.2:
    version "14.0.2"
    resolved "http://registry.npm.taobao.org/graphql/download/graphql-14.0.2.tgz#7dded337a4c3fd2d075692323384034b357f5650"
    integrity sha1-fd7TN6TD/S0HVpIyM4QDSzV/VlA=
    dependencies:
      iterall "^1.2.2"
  
  has-ansi@^2.0.0:
    version "2.0.0"
    resolved "http://registry.npm.taobao.org/has-ansi/download/has-ansi-2.0.0.tgz#34f5049ce1ecdf2b0649af3ef24e45ed35416d91"
    integrity sha1-NPUEnOHs3ysGSa8+8k5F7TVBbZE=
    dependencies:
      ansi-regex "^2.0.0"
  
  has-flag@^3.0.0:
    version "3.0.0"
    resolved "http://registry.npm.taobao.org/has-flag/download/has-flag-3.0.0.tgz#b5d454dc2199ae225699f3467e5a07f3b955bafd"
    integrity sha1-tdRU3CGZriJWmfNGfloH87lVuv0=
  
  hoist-non-react-statics@^2.3.1:
    version "2.5.5"
    resolved "http://registry.npm.taobao.org/hoist-non-react-statics/download/hoist-non-react-statics-2.5.5.tgz#c5903cf409c0dfd908f388e619d86b9c1174cb47"
    integrity sha1-xZA89AnA39kI84jmGdhrnBF0y0c=
  
  hoist-non-react-statics@^3.1.0, hoist-non-react-statics@^3.2.1:
    version "3.2.1"
    resolved "http://registry.npm.taobao.org/hoist-non-react-statics/download/hoist-non-react-statics-3.2.1.tgz#c09c0555c84b38a7ede6912b61efddafd6e75e1e"
    integrity sha1-wJwFVchLOKft5pErYe/dr9bnXh4=
    dependencies:
      react-is "^16.3.2"
  
  http-errors@1.6.3, http-errors@~1.6.2, http-errors@~1.6.3:
    version "1.6.3"
    resolved "http://registry.npm.taobao.org/http-errors/download/http-errors-1.6.3.tgz#8b55680bb4be283a0b5bf4ea2e38580be1d9320d"
    integrity sha1-i1VoC7S+KDoLW/TqLjhYC+HZMg0=
    dependencies:
      depd "~1.1.2"
      inherits "2.0.3"
      setprototypeof "1.1.0"
      statuses ">= 1.4.0 < 2"
  
  http-errors@^1.7.1:
    version "1.7.1"
    resolved "http://registry.npm.taobao.org/http-errors/download/http-errors-1.7.1.tgz#6a4ffe5d35188e1c39f872534690585852e1f027"
    integrity sha1-ak/+XTUYjhw5+HJTRpBYWFLh8Cc=
    dependencies:
      depd "~1.1.2"
      inherits "2.0.3"
      setprototypeof "1.1.0"
      statuses ">= 1.5.0 < 2"
      toidentifier "1.0.0"
  
  hyphenate-style-name@^1.0.2:
    version "1.0.2"
    resolved "http://registry.npm.taobao.org/hyphenate-style-name/download/hyphenate-style-name-1.0.2.tgz#31160a36930adaf1fc04c6074f7eb41465d4ec4b"
    integrity sha1-MRYKNpMK2vH8BMYHT360FGXU7Es=
  
  iconv-lite@0.4.23:
    version "0.4.23"
    resolved "http://registry.npm.taobao.org/iconv-lite/download/iconv-lite-0.4.23.tgz#297871f63be507adcfbfca715d0cd0eed84e9a63"
    integrity sha1-KXhx9jvlB63Pv8pxXQzQ7thOmmM=
    dependencies:
      safer-buffer ">= 2.1.2 < 3"
  
  iconv-lite@^0.4.24, iconv-lite@~0.4.13:
    version "0.4.24"
    resolved "http://registry.npm.taobao.org/iconv-lite/download/iconv-lite-0.4.24.tgz#2022b4b25fbddc21d2f524974a474aafe733908b"
    integrity sha1-ICK0sl+93CHS9SSXSkdKr+czkIs=
    dependencies:
      safer-buffer ">= 2.1.2 < 3"
  
  indefinite-observable@^1.0.1:
    version "1.0.2"
    resolved "http://registry.npm.taobao.org/indefinite-observable/download/indefinite-observable-1.0.2.tgz#0a328793ab2385d4b9dca23eaab4afe6936a73f8"
    integrity sha1-CjKHk6sjhdS53KI+qrSv5pNqc/g=
    dependencies:
      symbol-observable "1.2.0"
  
  inflight@^1.0.4:
    version "1.0.6"
    resolved "http://registry.npm.taobao.org/inflight/download/inflight-1.0.6.tgz#49bd6331d7d02d0c09bc910a1075ba8165b56df9"
    integrity sha1-Sb1jMdfQLQwJvJEKEHW6gWW1bfk=
    dependencies:
      once "^1.3.0"
      wrappy "1"
  
  inherits@2, inherits@2.0.3:
    version "2.0.3"
    resolved "http://registry.npm.taobao.org/inherits/download/inherits-2.0.3.tgz#633c2c83e3da42a502f52466022480f4208261de"
    integrity sha1-Yzwsg+PaQqUC9SRmAiSA9CCCYd4=
  
  invariant@^2.2.4:
    version "2.2.4"
    resolved "http://registry.npm.taobao.org/invariant/download/invariant-2.2.4.tgz#610f3c92c9359ce1db616e538008d23ff35158e6"
    integrity sha1-YQ88ksk1nOHbYW5TgAjSP/NRWOY=
    dependencies:
      loose-envify "^1.0.0"
  
  ipaddr.js@1.8.0:
    version "1.8.0"
    resolved "http://registry.npm.taobao.org/ipaddr.js/download/ipaddr.js-1.8.0.tgz#eaa33d6ddd7ace8f7f6fe0c9ca0440e706738b1e"
    integrity sha1-6qM9bd16zo9/b+DJygRA5wZzix4=
  
  is-in-browser@^1.0.2, is-in-browser@^1.1.3:
    version "1.1.3"
    resolved "http://registry.npm.taobao.org/is-in-browser/download/is-in-browser-1.1.3.tgz#56ff4db683a078c6082eb95dad7dc62e1d04f835"
    integrity sha1-Vv9NtoOgeMYILrldrX3GLh0E+DU=
  
  is-plain-object@^2.0.4:
    version "2.0.4"
    resolved "http://registry.npm.taobao.org/is-plain-object/download/is-plain-object-2.0.4.tgz#2c163b3fafb1b606d9d17928f05c2a1c38e07677"
    integrity sha1-LBY7P6+xtgbZ0Xko8FwqHDjgdnc=
    dependencies:
      isobject "^3.0.1"
  
  is-property@^1.0.2:
    version "1.0.2"
    resolved "http://registry.npm.taobao.org/is-property/download/is-property-1.0.2.tgz#57fe1c4e48474edd65b09911f26b1cd4095dda84"
    integrity sha1-V/4cTkhHTt1lsJkR8msc1Ald2oQ=
  
  is-stream@^1.0.1:
    version "1.1.0"
    resolved "http://registry.npm.taobao.org/is-stream/download/is-stream-1.1.0.tgz#12d4a3dd4e68e0b79ceb8dbc84173ae80d91ca44"
    integrity sha1-EtSj3U5o4Lec6428hBc66A2RykQ=
  
  isobject@^3.0.1:
    version "3.0.1"
    resolved "http://registry.npm.taobao.org/isobject/download/isobject-3.0.1.tgz#4e431e92b11a9731636aa1f9c8d1ccbcfdab78df"
    integrity sha1-TkMekrEalzFjaqH5yNHMvP2reN8=
  
  isomorphic-fetch@^2.1.1:
    version "2.2.1"
    resolved "http://registry.npm.taobao.org/isomorphic-fetch/download/isomorphic-fetch-2.2.1.tgz#611ae1acf14f5e81f729507472819fe9733558a9"
    integrity sha1-YRrhrPFPXoH3KVB0coGf6XM1WKk=
    dependencies:
      node-fetch "^1.0.1"
      whatwg-fetch ">=0.10.0"
  
  iterall@^1.2.2:
    version "1.2.2"
    resolved "http://registry.npm.taobao.org/iterall/download/iterall-1.2.2.tgz#92d70deb8028e0c39ff3164fdbf4d8b088130cd7"
    integrity sha1-ktcN64Ao4MOf8xZP2/TYsIgTDNc=
  
  "js-tokens@^3.0.0 || ^4.0.0":
    version "4.0.0"
    resolved "http://registry.npm.taobao.org/js-tokens/download/js-tokens-4.0.0.tgz#19203fb59991df98e3a287050d4647cdeaf32499"
    integrity sha1-GSA/tZmR35jjoocFDUZHzerzJJk=
  
  js-tokens@^3.0.2:
    version "3.0.2"
    resolved "http://registry.npm.taobao.org/js-tokens/download/js-tokens-3.0.2.tgz#9866df395102130e38f7f996bceb65443209c25b"
    integrity sha1-mGbfOVECEw449/mWvOtlRDIJwls=
  
  js-yaml@^3.7.0:
    version "3.12.0"
    resolved "http://registry.npm.taobao.org/js-yaml/download/js-yaml-3.12.0.tgz#eaed656ec8344f10f527c6bfa1b6e2244de167d1"
    integrity sha1-6u1lbsg0TxD1J8a/obbiJE3hZ9E=
    dependencies:
      argparse "^1.0.7"
      esprima "^4.0.0"
  
  jss-camel-case@^6.0.0:
    version "6.1.0"
    resolved "http://registry.npm.taobao.org/jss-camel-case/download/jss-camel-case-6.1.0.tgz#ccb1ff8d6c701c02a1fed6fb6fb6b7896e11ce44"
    integrity sha1-zLH/jWxwHAKh/tb7b7a3iW4RzkQ=
    dependencies:
      hyphenate-style-name "^1.0.2"
  
  jss-default-unit@^8.0.2:
    version "8.0.2"
    resolved "http://registry.npm.taobao.org/jss-default-unit/download/jss-default-unit-8.0.2.tgz#cc1e889bae4c0b9419327b314ab1c8e2826890e6"
    integrity sha1-zB6Im65MC5QZMnsxSrHI4oJokOY=
  
  jss-global@^3.0.0:
    version "3.0.0"
    resolved "http://registry.npm.taobao.org/jss-global/download/jss-global-3.0.0.tgz#e19e5c91ab2b96353c227e30aa2cbd938cdaafa2"
    integrity sha1-4Z5ckasrljU8In4wqiy9k4zar6I=
  
  jss-nested@^6.0.1:
    version "6.0.1"
    resolved "http://registry.npm.taobao.org/jss-nested/download/jss-nested-6.0.1.tgz#ef992b79d6e8f63d939c4397b9d99b5cbbe824ca"
    integrity sha1-75kredbo9j2TnEOXudmbXLvoJMo=
    dependencies:
      warning "^3.0.0"
  
  jss-props-sort@^6.0.0:
    version "6.0.0"
    resolved "http://registry.npm.taobao.org/jss-props-sort/download/jss-props-sort-6.0.0.tgz#9105101a3b5071fab61e2d85ea74cc22e9b16323"
    integrity sha1-kQUQGjtQcfq2Hi2F6nTMIumxYyM=
  
  jss-vendor-prefixer@^7.0.0:
    version "7.0.0"
    resolved "http://registry.npm.taobao.org/jss-vendor-prefixer/download/jss-vendor-prefixer-7.0.0.tgz#0166729650015ef19d9f02437c73667231605c71"
    integrity sha1-AWZyllABXvGdnwJDfHNmcjFgXHE=
    dependencies:
      css-vendor "^0.3.8"
  
  jss@^9.3.3:
    version "9.8.7"
    resolved "http://registry.npm.taobao.org/jss/download/jss-9.8.7.tgz#ed9763fc0f2f0260fc8260dac657af61e622ce05"
    integrity sha1-7Zdj/A8vAmD8gmDaxlevYeYizgU=
    dependencies:
      is-in-browser "^1.1.3"
      symbol-observable "^1.1.0"
      warning "^3.0.0"
  
  keycode@^2.1.9:
    version "2.2.0"
    resolved "http://registry.npm.taobao.org/keycode/download/keycode-2.2.0.tgz#3d0af56dc7b8b8e5cba8d0a97f107204eec22b04"
    integrity sha1-PQr1bce4uOXLqNCpfxByBO7CKwQ=
  
  lodash@^4.17.10:
    version "4.17.11"
    resolved "http://registry.npm.taobao.org/lodash/download/lodash-4.17.11.tgz#b39ea6229ef607ecd89e2c8df12536891cac9b8d"
    integrity sha1-s56mIp72B+zYniyN8SU2iRysm40=
  
  long@^4.0.0:
    version "4.0.0"
    resolved "http://registry.npm.taobao.org/long/download/long-4.0.0.tgz#9a7b71cfb7d361a194ea555241c92f7468d5bf28"
    integrity sha1-mntxz7fTYaGU6lVSQckvdGjVvyg=
  
  loose-envify@^1.0.0, loose-envify@^1.1.0, loose-envify@^1.3.1, loose-envify@^1.4.0:
    version "1.4.0"
    resolved "http://registry.npm.taobao.org/loose-envify/download/loose-envify-1.4.0.tgz#71ee51fa7be4caec1a63839f7e682d8132d30caf"
    integrity sha1-ce5R+nvkyuwaY4OffmgtgTLTDK8=
    dependencies:
      js-tokens "^3.0.0 || ^4.0.0"
  
  lru-cache@2.5.0:
    version "2.5.0"
    resolved "http://registry.npm.taobao.org/lru-cache/download/lru-cache-2.5.0.tgz#d82388ae9c960becbea0c73bb9eb79b6c6ce9aeb"
    integrity sha1-2COIrpyWC+y+oMc7uet5tsbOmus=
  
  lru-cache@4.1.3:
    version "4.1.3"
    resolved "http://registry.npm.taobao.org/lru-cache/download/lru-cache-4.1.3.tgz#a1175cf3496dfc8436c156c334b4955992bce69c"
    integrity sha1-oRdc80lt/IQ2wVbDNLSVWZK85pw=
    dependencies:
      pseudomap "^1.0.2"
      yallist "^2.1.2"
  
  make-error@^1.1.1:
    version "1.3.5"
    resolved "http://registry.npm.taobao.org/make-error/download/make-error-1.3.5.tgz#efe4e81f6db28cadd605c70f29c831b58ef776c8"
    integrity sha1-7+ToH22yjK3WBccPKcgxtY73dsg=
  
  "mdurl@~ 1.0.1":
    version "1.0.1"
    resolved "http://registry.npm.taobao.org/mdurl/download/mdurl-1.0.1.tgz#fe85b2ec75a59037f2adfec100fd6c601761152e"
    integrity sha1-/oWy7HWlkDfyrf7BAP1sYBdhFS4=
  
  media-typer@0.3.0:
    version "0.3.0"
    resolved "http://registry.npm.taobao.org/media-typer/download/media-typer-0.3.0.tgz#8710d7af0aa626f8fffa1ce00168545263255748"
    integrity sha1-hxDXrwqmJvj/+hzgAWhUUmMlV0g=
  
  merge-descriptors@1.0.1:
    version "1.0.1"
    resolved "http://registry.npm.taobao.org/merge-descriptors/download/merge-descriptors-1.0.1.tgz#b00aaa556dd8b44568150ec9d1b953f3f90cbb61"
    integrity sha1-sAqqVW3YtEVoFQ7J0blT8/kMu2E=
  
  methods@~1.1.2:
    version "1.1.2"
    resolved "http://registry.npm.taobao.org/methods/download/methods-1.1.2.tgz#5529a4d67654134edcc5266656835b0f851afcee"
    integrity sha1-VSmk1nZUE07cxSZmVoNbD4Ua/O4=
  
  mime-db@~1.37.0:
    version "1.37.0"
    resolved "http://registry.npm.taobao.org/mime-db/download/mime-db-1.37.0.tgz#0b6a0ce6fdbe9576e25f1f2d2fde8830dc0ad0d8"
    integrity sha1-C2oM5v2+lXbiXx8tL96IMNwK0Ng=
  
  mime-types@~2.1.18:
    version "2.1.21"
    resolved "http://registry.npm.taobao.org/mime-types/download/mime-types-2.1.21.tgz#28995aa1ecb770742fe6ae7e58f9181c744b3f96"
    integrity sha1-KJlaoey3cHQv5q5+WPkYHHRLP5Y=
    dependencies:
      mime-db "~1.37.0"
  
  mime@1.4.1:
    version "1.4.1"
    resolved "http://registry.npm.taobao.org/mime/download/mime-1.4.1.tgz#121f9ebc49e3766f311a76e1fa1c8003c4b03aa6"
    integrity sha1-Eh+evEnjdm8xGnbh+hyAA8SwOqY=
  
  minimatch@^3.0.4:
    version "3.0.4"
    resolved "http://registry.npm.taobao.org/minimatch/download/minimatch-3.0.4.tgz#5166e286457f03306064be5497e8dbb0c3d32083"
    integrity sha1-UWbihkV/AzBgZL5Ul+jbsMPTIIM=
    dependencies:
      brace-expansion "^1.1.7"
  
  minimist@0.0.8:
    version "0.0.8"
    resolved "http://registry.npm.taobao.org/minimist/download/minimist-0.0.8.tgz#857fcabfc3397d2625b8228262e86aa7a011b05d"
    integrity sha1-hX/Kv8M5fSYluCKCYuhqp6ARsF0=
  
  minimist@^1.2.0, "minimist@~ 1.2.0":
    version "1.2.0"
    resolved "http://registry.npm.taobao.org/minimist/download/minimist-1.2.0.tgz#a35008b20f41383eec1fb914f4cd5df79a264284"
    integrity sha1-o1AIsg9BOD7sH7kU9M1d95omQoQ=
  
  mkdirp@^0.5.1:
    version "0.5.1"
    resolved "http://registry.npm.taobao.org/mkdirp/download/mkdirp-0.5.1.tgz#30057438eac6cf7f8c4767f38648d6697d75c903"
    integrity sha1-MAV0OOrGz3+MR2fzhkjWaX11yQM=
    dependencies:
      minimist "0.0.8"
  
  ms@2.0.0:
    version "2.0.0"
    resolved "http://registry.npm.taobao.org/ms/download/ms-2.0.0.tgz#5608aeadfc00be6c2901df5f9861788de0d597c8"
    integrity sha1-VgiurfwAvmwpAd9fmGF4jeDVl8g=
  
  mysql2@^1.6.4:
    version "1.6.4"
    resolved "http://registry.npm.taobao.org/mysql2/download/mysql2-1.6.4.tgz#5c7dba8b78525bd4f01c99b3f3327670df675e96"
    integrity sha1-XH26i3hSW9TwHJmz8zJ2cN9nXpY=
    dependencies:
      denque "1.3.0"
      generate-function "^2.3.1"
      iconv-lite "^0.4.24"
      long "^4.0.0"
      lru-cache "4.1.3"
      named-placeholders "1.1.1"
      seq-queue "0.0.5"
      sqlstring "2.3.1"
  
  named-placeholders@1.1.1:
    version "1.1.1"
    resolved "http://registry.npm.taobao.org/named-placeholders/download/named-placeholders-1.1.1.tgz#3b7a0d26203dd74b3a9df4c9cfb827b2fb907e64"
    integrity sha1-O3oNJiA910s6nfTJz7gnsvuQfmQ=
    dependencies:
      lru-cache "2.5.0"
  
  negotiator@0.6.1:
    version "0.6.1"
    resolved "http://registry.npm.taobao.org/negotiator/download/negotiator-0.6.1.tgz#2b327184e8992101177b28563fb5e7102acd0ca9"
    integrity sha1-KzJxhOiZIQEXeyhWP7XnECrNDKk=
  
  node-fetch@^1.0.1:
    version "1.7.3"
    resolved "http://registry.npm.taobao.org/node-fetch/download/node-fetch-1.7.3.tgz#980f6f72d85211a5347c6b2bc18c5b84c3eb47ef"
    integrity sha1-mA9vcthSEaU0fGsrwYxbhMPrR+8=
    dependencies:
      encoding "^0.1.11"
      is-stream "^1.0.1"
  
  normalize-scroll-left@^0.1.2:
    version "0.1.2"
    resolved "http://registry.npm.taobao.org/normalize-scroll-left/download/normalize-scroll-left-0.1.2.tgz#6b79691ba79eb5fb107fa5edfbdc06b55caee2aa"
    integrity sha1-a3lpG6eetfsQf6Xt+9wGtVyu4qo=
  
  object-assign@^4.1.0, object-assign@^4.1.1:
    version "4.1.1"
    resolved "http://registry.npm.taobao.org/object-assign/download/object-assign-4.1.1.tgz#2109adc7965887cfc05cbbd442cac8bfbb360863"
    integrity sha1-IQmtx5ZYh8/AXLvUQsrIv7s2CGM=
  
  on-finished@~2.3.0:
    version "2.3.0"
    resolved "http://registry.npm.taobao.org/on-finished/download/on-finished-2.3.0.tgz#20f1336481b083cd75337992a16971aa2d906947"
    integrity sha1-IPEzZIGwg811M3mSoWlxqi2QaUc=
    dependencies:
      ee-first "1.1.1"
  
  once@^1.3.0:
    version "1.4.0"
    resolved "http://registry.npm.taobao.org/once/download/once-1.4.0.tgz#583b1aa775961d4b113ac17d9c50baef9dd76bd1"
    integrity sha1-WDsap3WWHUsROsF9nFC6753Xa9E=
    dependencies:
      wrappy "1"
  
  parseurl@~1.3.2:
    version "1.3.2"
    resolved "http://registry.npm.taobao.org/parseurl/download/parseurl-1.3.2.tgz#fc289d4ed8993119460c156253262cdc8de65bf3"
    integrity sha1-/CidTtiZMRlGDBViUyYs3I3mW/M=
  
  path-is-absolute@^1.0.0:
    version "1.0.1"
    resolved "http://registry.npm.taobao.org/path-is-absolute/download/path-is-absolute-1.0.1.tgz#174b9268735534ffbc7ace6bf53a5a9e1b5c5f5f"
    integrity sha1-F0uSaHNVNP+8es5r9TpanhtcX18=
  
  path-parse@^1.0.6:
    version "1.0.6"
    resolved "http://registry.npm.taobao.org/path-parse/download/path-parse-1.0.6.tgz#d62dbb5679405d72c4737ec58600e9ddcf06d24c"
    integrity sha1-1i27VnlAXXLEc37FhgDp3c8G0kw=
  
  path-to-regexp@0.1.7:
    version "0.1.7"
    resolved "http://registry.npm.taobao.org/path-to-regexp/download/path-to-regexp-0.1.7.tgz#df604178005f522f15eb4490e7247a1bfaa67f8c"
    integrity sha1-32BBeABfUi8V60SQ5yR6G/qmf4w=
  
  popper.js@^1.14.1:
    version "1.14.6"
    resolved "http://registry.npm.taobao.org/popper.js/download/popper.js-1.14.6.tgz#ab20dd4edf9288b8b3b6531c47c361107b60b4b0"
    integrity sha1-qyDdTt+SiLiztlMcR8NhEHtgtLA=
  
  promise@^7.1.1:
    version "7.3.1"
    resolved "http://registry.npm.taobao.org/promise/download/promise-7.3.1.tgz#064b72602b18f90f29192b8b1bc418ffd1ebd3bf"
    integrity sha1-BktyYCsY+Q8pGSuLG8QY/9Hr078=
    dependencies:
      asap "~2.0.3"
  
  prop-types@^15.6.0, prop-types@^15.6.1, prop-types@^15.6.2:
    version "15.6.2"
    resolved "http://registry.npm.taobao.org/prop-types/download/prop-types-15.6.2.tgz#05d5ca77b4453e985d60fc7ff8c859094a497102"
    integrity sha1-BdXKd7RFPphdYPx/+MhZCUpJcQI=
    dependencies:
      loose-envify "^1.3.1"
      object-assign "^4.1.1"
  
  proxy-addr@~2.0.4:
    version "2.0.4"
    resolved "http://registry.npm.taobao.org/proxy-addr/download/proxy-addr-2.0.4.tgz#ecfc733bf22ff8c6f407fa275327b9ab67e48b93"
    integrity sha1-7PxzO/Iv+Mb0B/onUye5q2fki5M=
    dependencies:
      forwarded "~0.1.2"
      ipaddr.js "1.8.0"
  
  pseudomap@^1.0.2:
    version "1.0.2"
    resolved "http://registry.npm.taobao.org/pseudomap/download/pseudomap-1.0.2.tgz#f052a28da70e618917ef0a8ac34c1ae5a68286b3"
    integrity sha1-8FKijacOYYkX7wqKw0wa5aaChrM=
  
  qs@6.5.2:
    version "6.5.2"
    resolved "http://registry.npm.taobao.org/qs/download/qs-6.5.2.tgz#cb3ae806e8740444584ef154ce8ee98d403f3e36"
    integrity sha1-yzroBuh0BERYTvFUzo7pjUA/PjY=
  
  range-parser@~1.2.0:
    version "1.2.0"
    resolved "http://registry.npm.taobao.org/range-parser/download/range-parser-1.2.0.tgz#f49be6b487894ddc40dcc94a322f611092e00d5e"
    integrity sha1-9JvmtIeJTdxA3MlKMi9hEJLgDV4=
  
  raw-body@2.3.3, raw-body@^2.3.3:
    version "2.3.3"
    resolved "http://registry.npm.taobao.org/raw-body/download/raw-body-2.3.3.tgz#1b324ece6b5706e153855bc1148c65bb7f6ea0c3"
    integrity sha1-GzJOzmtXBuFThVvBFIxlu39uoMM=
    dependencies:
      bytes "3.0.0"
      http-errors "1.6.3"
      iconv-lite "0.4.23"
      unpipe "1.0.0"
  
  react-event-listener@^0.6.2:
    version "0.6.4"
    resolved "http://registry.npm.taobao.org/react-event-listener/download/react-event-listener-0.6.4.tgz#d0ea5ed897da1a796616c44b5a8758898140f203"
    integrity sha1-0Ope2JfaGnlmFsRLWodYiYFA8gM=
    dependencies:
      "@babel/runtime" "7.0.0"
      prop-types "^15.6.0"
      warning "^4.0.1"
  
  react-is@^16.3.2, react-is@^16.6.0, react-is@^16.6.3:
    version "16.7.0"
    resolved "http://registry.npm.taobao.org/react-is/download/react-is-16.7.0.tgz#c1bd21c64f1f1364c6f70695ec02d69392f41bfa"
    integrity sha1-wb0hxk8fE2TG9waV7ALWk5L0G/o=
  
  react-lifecycles-compat@^3.0.0, react-lifecycles-compat@^3.0.2, react-lifecycles-compat@^3.0.4:
    version "3.0.4"
    resolved "http://registry.npm.taobao.org/react-lifecycles-compat/download/react-lifecycles-compat-3.0.4.tgz#4f1a273afdfc8f3488a8c516bfda78f872352362"
    integrity sha1-TxonOv38jzSIqMUWv9p4+HI1I2I=
  
  react-redux@^5.0.7:
    version "5.1.1"
    resolved "http://registry.npm.taobao.org/react-redux/download/react-redux-5.1.1.tgz#88e368682c7fa80e34e055cd7ac56f5936b0f52f"
    integrity sha1-iONoaCx/qA404FXNesVvWTaw9S8=
    dependencies:
      "@babel/runtime" "^7.1.2"
      hoist-non-react-statics "^3.1.0"
      invariant "^2.2.4"
      loose-envify "^1.1.0"
      prop-types "^15.6.1"
      react-is "^16.6.0"
      react-lifecycles-compat "^3.0.0"
  
  react-transition-group@^2.2.1:
    version "2.5.2"
    resolved "http://registry.npm.taobao.org/react-transition-group/download/react-transition-group-2.5.2.tgz#9457166a9ba6ce697a3e1b076b3c049b9fb2c408"
    integrity sha1-lFcWapumzml6PhsHazwEm5+yxAg=
    dependencies:
      dom-helpers "^3.3.1"
      loose-envify "^1.4.0"
      prop-types "^15.6.2"
      react-lifecycles-compat "^3.0.4"
  
  "recompose@0.28.0 - 0.30.0":
    version "0.30.0"
    resolved "http://registry.npm.taobao.org/recompose/download/recompose-0.30.0.tgz#82773641b3927e8c7d24a0d87d65aeeba18aabd0"
    integrity sha1-gnc2QbOSfox9JKDYfWWu66GKq9A=
    dependencies:
      "@babel/runtime" "^7.0.0"
      change-emitter "^0.1.2"
      fbjs "^0.8.1"
      hoist-non-react-statics "^2.3.1"
      react-lifecycles-compat "^3.0.2"
      symbol-observable "^1.0.4"
  
  redux@^4.0.0:
    version "4.0.1"
    resolved "http://registry.npm.taobao.org/redux/download/redux-4.0.1.tgz#436cae6cc40fbe4727689d7c8fae44808f1bfef5"
    integrity sha1-Q2yubMQPvkcnaJ18j65EgI8b/vU=
    dependencies:
      loose-envify "^1.4.0"
      symbol-observable "^1.2.0"
  
  regenerator-runtime@^0.12.0:
    version "0.12.1"
    resolved "http://registry.npm.taobao.org/regenerator-runtime/download/regenerator-runtime-0.12.1.tgz#fa1a71544764c036f8c49b13a08b2594c9f8a0de"
    integrity sha1-+hpxVEdkwDb4xJsToIsllMn4oN4=
  
  reselect@^4.0.0:
    version "4.0.0"
    resolved "http://registry.npm.taobao.org/reselect/download/reselect-4.0.0.tgz#f2529830e5d3d0e021408b246a206ef4ea4437f7"
    integrity sha1-8lKYMOXT0OAhQIskaiBu9OpEN/c=
  
  resolve@^1.3.2:
    version "1.9.0"
    resolved "http://registry.npm.taobao.org/resolve/download/resolve-1.9.0.tgz#a14c6fdfa8f92a7df1d996cb7105fa744658ea06"
    integrity sha1-oUxv36j5Kn3x2ZbLcQX6dEZY6gY=
    dependencies:
      path-parse "^1.0.6"
  
  safe-buffer@5.1.2:
    version "5.1.2"
    resolved "http://registry.npm.taobao.org/safe-buffer/download/safe-buffer-5.1.2.tgz#991ec69d296e0313747d59bdfd2b745c35f8828d"
    integrity sha1-mR7GnSluAxN0fVm9/St0XDX4go0=
  
  "safer-buffer@>= 2.1.2 < 3":
    version "2.1.2"
    resolved "http://registry.npm.taobao.org/safer-buffer/download/safer-buffer-2.1.2.tgz#44fa161b0187b9549dd84bb91802f9bd8385cd6a"
    integrity sha1-RPoWGwGHuVSd2Eu5GAL5vYOFzWo=
  
  select@^1.1.2:
    version "1.1.2"
    resolved "http://registry.npm.taobao.org/select/download/select-1.1.2.tgz#0e7350acdec80b1108528786ec1d4418d11b396d"
    integrity sha1-DnNQrN7ICxEIUoeG7B1EGNEbOW0=
  
  semver@^5.3.0:
    version "5.6.0"
    resolved "http://registry.npm.taobao.org/semver/download/semver-5.6.0.tgz#7e74256fbaa49c75aa7c7a205cc22799cac80004"
    integrity sha1-fnQlb7qknHWqfHogXMInmcrIAAQ=
  
  send@0.16.2:
    version "0.16.2"
    resolved "http://registry.npm.taobao.org/send/download/send-0.16.2.tgz#6ecca1e0f8c156d141597559848df64730a6bbc1"
    integrity sha1-bsyh4PjBVtFBWXVZhI32RzCmu8E=
    dependencies:
      debug "2.6.9"
      depd "~1.1.2"
      destroy "~1.0.4"
      encodeurl "~1.0.2"
      escape-html "~1.0.3"
      etag "~1.8.1"
      fresh "0.5.2"
      http-errors "~1.6.2"
      mime "1.4.1"
      ms "2.0.0"
      on-finished "~2.3.0"
      range-parser "~1.2.0"
      statuses "~1.4.0"
  
  seq-queue@0.0.5:
    version "0.0.5"
    resolved "http://registry.npm.taobao.org/seq-queue/download/seq-queue-0.0.5.tgz#d56812e1c017a6e4e7c3e3a37a1da6d78dd3c93e"
    integrity sha1-1WgS4cAXpuTnw+Ojeh2m143TyT4=
  
  serve-static@1.13.2:
    version "1.13.2"
    resolved "http://registry.npm.taobao.org/serve-static/download/serve-static-1.13.2.tgz#095e8472fd5b46237db50ce486a43f4b86c6cec1"
    integrity sha1-CV6Ecv1bRiN9tQzkhqQ/S4bGzsE=
    dependencies:
      encodeurl "~1.0.2"
      escape-html "~1.0.3"
      parseurl "~1.3.2"
      send "0.16.2"
  
  setimmediate@^1.0.5:
    version "1.0.5"
    resolved "http://registry.npm.taobao.org/setimmediate/download/setimmediate-1.0.5.tgz#290cbb232e306942d7d7ea9b83732ab7856f8285"
    integrity sha1-KQy7Iy4waULX1+qbg3Mqt4VvgoU=
  
  setprototypeof@1.1.0:
    version "1.1.0"
    resolved "http://registry.npm.taobao.org/setprototypeof/download/setprototypeof-1.1.0.tgz#d0bd85536887b6fe7c0d818cb962d9d91c54e656"
    integrity sha1-0L2FU2iHtv58DYGMuWLZ2RxU5lY=
  
  source-map-support@^0.5.6:
    version "0.5.9"
    resolved "http://registry.npm.taobao.org/source-map-support/download/source-map-support-0.5.9.tgz#41bc953b2534267ea2d605bccfa7bfa3111ced5f"
    integrity sha1-QbyVOyU0Jn6i1gW8z6e/oxEc7V8=
    dependencies:
      buffer-from "^1.0.0"
      source-map "^0.6.0"
  
  source-map@^0.6.0:
    version "0.6.1"
    resolved "http://registry.npm.taobao.org/source-map/download/source-map-0.6.1.tgz#74722af32e9614e9c287a8d0bbde48b5e2f1a263"
    integrity sha1-dHIq8y6WFOnCh6jQu95IteLxomM=
  
  sprintf-js@~1.0.2:
    version "1.0.3"
    resolved "http://registry.npm.taobao.org/sprintf-js/download/sprintf-js-1.0.3.tgz#04e6926f662895354f3dd015203633b857297e2c"
    integrity sha1-BOaSb2YolTVPPdAVIDYzuFcpfiw=
  
  sqlstring@2.3.1:
    version "2.3.1"
    resolved "http://registry.npm.taobao.org/sqlstring/download/sqlstring-2.3.1.tgz#475393ff9e91479aea62dcaf0ca3d14983a7fb40"
    integrity sha1-R1OT/56RR5rqYtyvDKPRSYOn+0A=
  
  "statuses@>= 1.4.0 < 2", "statuses@>= 1.5.0 < 2":
    version "1.5.0"
    resolved "http://registry.npm.taobao.org/statuses/download/statuses-1.5.0.tgz#161c7dac177659fd9811f43771fa99381478628c"
    integrity sha1-Fhx9rBd2Wf2YEfQ3cfqZOBR4Yow=
  
  statuses@~1.4.0:
    version "1.4.0"
    resolved "http://registry.npm.taobao.org/statuses/download/statuses-1.4.0.tgz#bb73d446da2796106efcc1b601a253d6c46bd087"
    integrity sha1-u3PURtonlhBu/MG2AaJT1sRr0Ic=
  
  string.prototype.repeat@^0.2.0:
    version "0.2.0"
    resolved "http://registry.npm.taobao.org/string.prototype.repeat/download/string.prototype.repeat-0.2.0.tgz#aba36de08dcee6a5a337d49b2ea1da1b28fc0ecf"
    integrity sha1-q6Nt4I3O5qWjN9SbLqHaGyj8Ds8=
  
  strip-ansi@^3.0.0:
    version "3.0.1"
    resolved "http://registry.npm.taobao.org/strip-ansi/download/strip-ansi-3.0.1.tgz#6a385fb8853d952d5ff05d0e8aaf94278dc63dcf"
    integrity sha1-ajhfuIU9lS1f8F0Oiq+UJ43GPc8=
    dependencies:
      ansi-regex "^2.0.0"
  
  supports-color@^2.0.0:
    version "2.0.0"
    resolved "http://registry.npm.taobao.org/supports-color/download/supports-color-2.0.0.tgz#535d045ce6b6363fa40117084629995e9df324c7"
    integrity sha1-U10EXOa2Nj+kARcIRimZXp3zJMc=
  
  supports-color@^5.3.0:
    version "5.5.0"
    resolved "http://registry.npm.taobao.org/supports-color/download/supports-color-5.5.0.tgz#e2e69a44ac8772f78a1ec0b35b689df6530efc8f"
    integrity sha1-4uaaRKyHcveKHsCzW2id9lMO/I8=
    dependencies:
      has-flag "^3.0.0"
  
  svg-pan-zoom@^3.5.2:
    version "3.6.0"
    resolved "http://registry.npm.taobao.org/svg-pan-zoom/download/svg-pan-zoom-3.6.0.tgz#31d8137d7e079e8f059effd85c7605b0567b6e4b"
    integrity sha1-MdgTfX4Hno8Fnv/YXHYFsFZ7bks=
  
  symbol-observable@1.2.0, symbol-observable@^1.0.4, symbol-observable@^1.1.0, symbol-observable@^1.2.0:
    version "1.2.0"
    resolved "http://registry.npm.taobao.org/symbol-observable/download/symbol-observable-1.2.0.tgz#c22688aed4eab3cdc2dfeacbb561660560a00804"
    integrity sha1-wiaIrtTqs83C3+rLtWFmBWCgCAQ=
  
  tiny-emitter@^2.0.0:
    version "2.0.2"
    resolved "http://registry.npm.taobao.org/tiny-emitter/download/tiny-emitter-2.0.2.tgz#82d27468aca5ade8e5fd1e6d22b57dd43ebdfb7c"
    integrity sha1-gtJ0aKylrejl/R5tIrV91D69+3w=
  
  toidentifier@1.0.0:
    version "1.0.0"
    resolved "http://registry.npm.taobao.org/toidentifier/download/toidentifier-1.0.0.tgz#7e1be3470f1e77948bc43d94a3c8f4d7752ba553"
    integrity sha1-fhvjRw8ed5SLxD2Uo8j013UrpVM=
  
  ts-node@^7.0.1:
    version "7.0.1"
    resolved "http://registry.npm.taobao.org/ts-node/download/ts-node-7.0.1.tgz#9562dc2d1e6d248d24bc55f773e3f614337d9baf"
    integrity sha1-lWLcLR5tJI0kvFX3c+P2FDN9m68=
    dependencies:
      arrify "^1.0.0"
      buffer-from "^1.1.0"
      diff "^3.1.0"
      make-error "^1.1.1"
      minimist "^1.2.0"
      mkdirp "^0.5.1"
      source-map-support "^0.5.6"
      yn "^2.0.0"
  
  tslib@^1.8.0, tslib@^1.8.1:
    version "1.9.3"
    resolved "http://registry.npm.taobao.org/tslib/download/tslib-1.9.3.tgz#d7e4dd79245d85428c4d7e4822a79917954ca286"
    integrity sha1-1+TdeSRdhUKMTX5IIqeZF5VMooY=
  
  tslint@^5.12.0:
    version "5.12.0"
    resolved "http://registry.npm.taobao.org/tslint/download/tslint-5.12.0.tgz#47f2dba291ed3d580752d109866fb640768fca36"
    integrity sha1-R/LbopHtPVgHUtEJhm+2QHaPyjY=
    dependencies:
      babel-code-frame "^6.22.0"
      builtin-modules "^1.1.1"
      chalk "^2.3.0"
      commander "^2.12.1"
      diff "^3.2.0"
      glob "^7.1.1"
      js-yaml "^3.7.0"
      minimatch "^3.0.4"
      resolve "^1.3.2"
      semver "^5.3.0"
      tslib "^1.8.0"
      tsutils "^2.27.2"
  
  tsutils@^2.27.2:
    version "2.29.0"
    resolved "http://registry.npm.taobao.org/tsutils/download/tsutils-2.29.0.tgz#32b488501467acbedd4b85498673a0812aca0b99"
    integrity sha1-MrSIUBRnrL7dS4VJhnOggSrKC5k=
    dependencies:
      tslib "^1.8.1"
  
  type-is@~1.6.16:
    version "1.6.16"
    resolved "http://registry.npm.taobao.org/type-is/download/type-is-1.6.16.tgz#f89ce341541c672b25ee7ae3c73dee3b2be50194"
    integrity sha1-+JzjQVQcZysl7nrjxz3uOyvlAZQ=
    dependencies:
      media-typer "0.3.0"
      mime-types "~2.1.18"
  
  typescript@^3.2.2:
    version "3.2.2"
    resolved "http://registry.npm.taobao.org/typescript/download/typescript-3.2.2.tgz#fe8101c46aa123f8353523ebdcf5730c2ae493e5"
    integrity sha1-/oEBxGqhI/g1NSPr3PVzDCrkk+U=
  
  ua-parser-js@^0.7.18:
    version "0.7.19"
    resolved "http://registry.npm.taobao.org/ua-parser-js/download/ua-parser-js-0.7.19.tgz#94151be4c0a7fb1d001af7022fdaca4642659e4b"
    integrity sha1-lBUb5MCn+x0AGvcCL9rKRkJlnks=
  
  unpipe@1.0.0, unpipe@~1.0.0:
    version "1.0.0"
    resolved "http://registry.npm.taobao.org/unpipe/download/unpipe-1.0.0.tgz#b2bf4ee8514aae6165b4817829d21b2ef49904ec"
    integrity sha1-sr9O6FFKrmFltIF4KdIbLvSZBOw=
  
  utils-merge@1.0.1:
    version "1.0.1"
    resolved "http://registry.npm.taobao.org/utils-merge/download/utils-merge-1.0.1.tgz#9f95710f50a267947b2ccc124741c1028427e713"
    integrity sha1-n5VxD1CiZ5R7LMwSR0HBAoQn5xM=
  
  vary@~1.1.2:
    version "1.1.2"
    resolved "http://registry.npm.taobao.org/vary/download/vary-1.1.2.tgz#2299f02c6ded30d4a5961b0b9f74524a18f634fc"
    integrity sha1-IpnwLG3tMNSllhsLn3RSShj2NPw=
  
  viz.js@2.0.0:
    version "2.0.0"
    resolved "http://registry.npm.taobao.org/viz.js/download/viz.js-2.0.0.tgz#d34aa8e68f3b4eb7107f16ea6d1530a77109f315"
    integrity sha1-00qo5o87TrcQfxbqbRUwp3EJ8xU=
  
  warning@^3.0.0:
    version "3.0.0"
    resolved "http://registry.npm.taobao.org/warning/download/warning-3.0.0.tgz#32e5377cb572de4ab04753bdf8821c01ed605b7c"
    integrity sha1-MuU3fLVy3kqwR1O9+IIcAe1gW3w=
    dependencies:
      loose-envify "^1.0.0"
  
  warning@^4.0.1:
    version "4.0.2"
    resolved "http://registry.npm.taobao.org/warning/download/warning-4.0.2.tgz#aa6876480872116fa3e11d434b0d0d8d91e44607"
    integrity sha1-qmh2SAhyEW+j4R1DSw0NjZHkRgc=
    dependencies:
      loose-envify "^1.0.0"
  
  whatwg-fetch@>=0.10.0:
    version "3.0.0"
    resolved "http://registry.npm.taobao.org/whatwg-fetch/download/whatwg-fetch-3.0.0.tgz#fc804e458cc460009b1a2b966bc8817d2578aefb"
    integrity sha1-/IBORYzEYACbGiuWa8iBfSV4rvs=
  
  wrappy@1:
    version "1.0.2"
    resolved "http://registry.npm.taobao.org/wrappy/download/wrappy-1.0.2.tgz#b5243d8f3ec1aa35f1364605bc0d1036e30ab69f"
    integrity sha1-tSQ9jz7BqjXxNkYFvA0QNuMKtp8=
  
  yallist@^2.1.2:
    version "2.1.2"
    resolved "http://registry.npm.taobao.org/yallist/download/yallist-2.1.2.tgz#1c11f9218f076089a47dd512f93c6699a6a81d52"
    integrity sha1-HBH5IY8HYImkfdUS+TxmmaaoHVI=
  
  yn@^2.0.0:
    version "2.0.0"
    resolved "http://registry.npm.taobao.org/yn/download/yn-2.0.0.tgz#e5adabc8acf408f6385fc76495684c88e6af689a"
    integrity sha1-5a2ryKz0CPY4X8dklWhMiOavaJo=
