Arguments: 
  /Users/mosaice/.nvm/versions/node/v8.12.0/bin/node /Users/mosaice/.nvm/versions/node/v8.12.0/bin/yarn add @types/graphql-sequelize -D

PATH: 
  /Users/mosaice/.rvm/gems/ruby-2.4.1/bin:/Users/mosaice/.rvm/gems/ruby-2.4.1@global/bin:/Users/mosaice/.rvm/rubies/ruby-2.4.1/bin:/Users/mosaice/.yarn/bin:/Users/mosaice/.config/yarn/global/node_modules/.bin:/Users/mosaice/.nvm/versions/node/v8.12.0/bin:/usr/local/Cellar/android-sdk/24.4.1_1/tools:/usr/local/Cellar/android-sdk/24.4.1_1/platform-tools:/usr/local/Cellar/android-sdk/24.4.1_1/build-tools:/usr/local/sbin:/usr/local/bin:/usr/bin:/bin:/usr/sbin:/sbin:/Users/mosaice/.rvm/bin

Yarn version: 
  1.12.3

Node version: 
  8.12.0

Platform: 
  darwin x64

Trace: 
  Error: https://registry.npm.taobao.org/@types%2fgraphql-sequelize: Not found
      at Request.params.callback [as _callback] (/Users/mosaice/.nvm/versions/node/v8.12.0/lib/node_modules/yarn/lib/cli.js:65894:18)
      at Request.self.callback (/Users/mosaice/.nvm/versions/node/v8.12.0/lib/node_modules/yarn/lib/cli.js:129018:22)
      at emitTwo (events.js:126:13)
      at Request.emit (events.js:214:7)
      at Request.<anonymous> (/Users/mosaice/.nvm/versions/node/v8.12.0/lib/node_modules/yarn/lib/cli.js:129990:10)
      at emitOne (events.js:116:13)
      at Request.emit (events.js:211:7)
      at IncomingMessage.<anonymous> (/Users/mosaice/.nvm/versions/node/v8.12.0/lib/node_modules/yarn/lib/cli.js:129912:12)
      at Object.onceWrapper (events.js:313:30)
      at emitNone (events.js:111:20)

npm manifest: 
  {
    "name": "apollo-sample",
    "version": "1.0.0",
    "description": "",
    "main": "index.js",
    "scripts": {
      "start": "node dist",
      "prestart": "rm -rf dist && tsc",
      "dev": "nodemon"
    },
    "keywords": [],
    "author": "",
    "license": "ISC",
    "dependencies": {
      "apollo-server": "^2.3.1",
      "graphql": "^14.0.2",
      "graphql-sequelize": "^9.3.1"
    },
    "devDependencies": {
      "@types/graphql": "^14.0.3"
    }
  }

yarn manifest: 
  No manifest

Lockfile: 
  # THIS IS AN AUTOGENERATED FILE. DO NOT EDIT THIS FILE DIRECTLY.
  # yarn lockfile v1
  
  
  "@apollographql/apollo-tools@^0.2.6":
    version "0.2.9"
    resolved "http://registry.npm.taobao.org/@apollographql/apollo-tools/download/@apollographql/apollo-tools-0.2.9.tgz#1e20999d11728ef47f8f812f2be0426b5dde1a51"
    integrity sha1-HiCZnRFyjvR/j4EvK+BCa13eGlE=
    dependencies:
      apollo-env "0.2.5"
  
  "@apollographql/graphql-playground-html@^1.6.6":
    version "1.6.6"
    resolved "http://registry.npm.taobao.org/@apollographql/graphql-playground-html/download/@apollographql/graphql-playground-html-1.6.6.tgz#022209e28a2b547dcde15b219f0c50f47aa5beb3"
    integrity sha1-AiIJ4oorVH3N4VshnwxQ9HqlvrM=
  
  "@protobufjs/aspromise@^1.1.1", "@protobufjs/aspromise@^1.1.2":
    version "1.1.2"
    resolved "http://registry.npm.taobao.org/@protobufjs/aspromise/download/@protobufjs/aspromise-1.1.2.tgz#9b8b0cc663d669a7d8f6f5d0893a14d348f30fbf"
    integrity sha1-m4sMxmPWaafY9vXQiToU00jzD78=
  
  "@protobufjs/base64@^1.1.2":
    version "1.1.2"
    resolved "http://registry.npm.taobao.org/@protobufjs/base64/download/@protobufjs/base64-1.1.2.tgz#4c85730e59b9a1f1f349047dbf24296034bb2735"
    integrity sha1-TIVzDlm5ofHzSQR9vyQpYDS7JzU=
  
  "@protobufjs/codegen@^2.0.4":
    version "2.0.4"
    resolved "http://registry.npm.taobao.org/@protobufjs/codegen/download/@protobufjs/codegen-2.0.4.tgz#7ef37f0d010fb028ad1ad59722e506d9262815cb"
    integrity sha1-fvN/DQEPsCitGtWXIuUG2SYoFcs=
  
  "@protobufjs/eventemitter@^1.1.0":
    version "1.1.0"
    resolved "http://registry.npm.taobao.org/@protobufjs/eventemitter/download/@protobufjs/eventemitter-1.1.0.tgz#355cbc98bafad5978f9ed095f397621f1d066b70"
    integrity sha1-NVy8mLr61ZePntCV85diHx0Ga3A=
  
  "@protobufjs/fetch@^1.1.0":
    version "1.1.0"
    resolved "http://registry.npm.taobao.org/@protobufjs/fetch/download/@protobufjs/fetch-1.1.0.tgz#ba99fb598614af65700c1619ff06d454b0d84c45"
    integrity sha1-upn7WYYUr2VwDBYZ/wbUVLDYTEU=
    dependencies:
      "@protobufjs/aspromise" "^1.1.1"
      "@protobufjs/inquire" "^1.1.0"
  
  "@protobufjs/float@^1.0.2":
    version "1.0.2"
    resolved "http://registry.npm.taobao.org/@protobufjs/float/download/@protobufjs/float-1.0.2.tgz#5e9e1abdcb73fc0a7cb8b291df78c8cbd97b87d1"
    integrity sha1-Xp4avctz/Ap8uLKR33jIy9l7h9E=
  
  "@protobufjs/inquire@^1.1.0":
    version "1.1.0"
    resolved "http://registry.npm.taobao.org/@protobufjs/inquire/download/@protobufjs/inquire-1.1.0.tgz#ff200e3e7cf2429e2dcafc1140828e8cc638f089"
    integrity sha1-/yAOPnzyQp4tyvwRQIKOjMY48Ik=
  
  "@protobufjs/path@^1.1.2":
    version "1.1.2"
    resolved "http://registry.npm.taobao.org/@protobufjs/path/download/@protobufjs/path-1.1.2.tgz#6cc2b20c5c9ad6ad0dccfd21ca7673d8d7fbf68d"
    integrity sha1-bMKyDFya1q0NzP0hynZz2Nf79o0=
  
  "@protobufjs/pool@^1.1.0":
    version "1.1.0"
    resolved "http://registry.npm.taobao.org/@protobufjs/pool/download/@protobufjs/pool-1.1.0.tgz#09fd15f2d6d3abfa9b65bc366506d6ad7846ff54"
    integrity sha1-Cf0V8tbTq/qbZbw2ZQbWrXhG/1Q=
  
  "@protobufjs/utf8@^1.1.0":
    version "1.1.0"
    resolved "http://registry.npm.taobao.org/@protobufjs/utf8/download/@protobufjs/utf8-1.1.0.tgz#a777360b5b39a1a2e5106f8e858f2fd2d060c570"
    integrity sha1-p3c2C1s5oaLlEG+OhY8v0tBgxXA=
  
  "@types/accepts@^1.3.5":
    version "1.3.5"
    resolved "http://registry.npm.taobao.org/@types/accepts/download/@types/accepts-1.3.5.tgz#c34bec115cfc746e04fe5a059df4ce7e7b391575"
    integrity sha1-w0vsEVz8dG4E/loFnfTOfns5FXU=
    dependencies:
      "@types/node" "*"
  
  "@types/body-parser@*", "@types/body-parser@1.17.0":
    version "1.17.0"
    resolved "http://registry.npm.taobao.org/@types/body-parser/download/@types/body-parser-1.17.0.tgz#9f5c9d9bd04bb54be32d5eb9fc0d8c974e6cf58c"
    integrity sha1-n1ydm9BLtUvjLV65/A2Ml05s9Yw=
    dependencies:
      "@types/connect" "*"
      "@types/node" "*"
  
  "@types/connect@*":
    version "3.4.32"
    resolved "http://registry.npm.taobao.org/@types/connect/download/@types/connect-3.4.32.tgz#aa0e9616b9435ccad02bc52b5b454ffc2c70ba28"
    integrity sha1-qg6WFrlDXMrQK8UrW0VP/Cxwuig=
    dependencies:
      "@types/node" "*"
  
  "@types/cors@^2.8.4":
    version "2.8.4"
    resolved "http://registry.npm.taobao.org/@types/cors/download/@types/cors-2.8.4.tgz#50991a759a29c0b89492751008c6af7a7c8267b0"
    integrity sha1-UJkadZopwLiUknUQCMavenyCZ7A=
    dependencies:
      "@types/express" "*"
  
  "@types/events@*":
    version "1.2.0"
    resolved "http://registry.npm.taobao.org/@types/events/download/@types/events-1.2.0.tgz#81a6731ce4df43619e5c8c945383b3e62a89ea86"
    integrity sha1-gaZzHOTfQ2GeXIyUU4Oz5iqJ6oY=
  
  "@types/express-serve-static-core@*":
    version "4.16.0"
    resolved "http://registry.npm.taobao.org/@types/express-serve-static-core/download/@types/express-serve-static-core-4.16.0.tgz#fdfe777594ddc1fe8eb8eccce52e261b496e43e7"
    integrity sha1-/f53dZTdwf6OuOzM5S4mG0luQ+c=
    dependencies:
      "@types/events" "*"
      "@types/node" "*"
      "@types/range-parser" "*"
  
  "@types/express@*", "@types/express@4.16.0":
    version "4.16.0"
    resolved "http://registry.npm.taobao.org/@types/express/download/@types/express-4.16.0.tgz#6d8bc42ccaa6f35cf29a2b7c3333cb47b5a32a19"
    integrity sha1-bYvELMqm81zymit8MzPLR7WjKhk=
    dependencies:
      "@types/body-parser" "*"
      "@types/express-serve-static-core" "*"
      "@types/serve-static" "*"
  
  "@types/graphql@^14.0.3":
    version "14.0.3"
    resolved "http://registry.npm.taobao.org/@types/graphql/download/@types/graphql-14.0.3.tgz#389e2e5b83ecdb376d9f98fae2094297bc112c1c"
    integrity sha1-OJ4uW4Ps2zdtn5j64glCl7wRLBw=
  
  "@types/long@^4.0.0":
    version "4.0.0"
    resolved "http://registry.npm.taobao.org/@types/long/download/@types/long-4.0.0.tgz#719551d2352d301ac8b81db732acb6bdc28dbdef"
    integrity sha1-cZVR0jUtMBrIuB23Mqy2vcKNve8=
  
  "@types/mime@*":
    version "2.0.0"
    resolved "http://registry.npm.taobao.org/@types/mime/download/@types/mime-2.0.0.tgz#5a7306e367c539b9f6543499de8dd519fac37a8b"
    integrity sha1-WnMG42fFObn2VDSZ3o3VGfrDeos=
  
  "@types/node@*", "@types/node@^10.1.0":
    version "10.12.18"
    resolved "http://registry.npm.taobao.org/@types/node/download/@types/node-10.12.18.tgz#1d3ca764718915584fcd9f6344621b7672665c67"
    integrity sha1-HTynZHGJFVhPzZ9jRGIbdnJmXGc=
  
  "@types/range-parser@*":
    version "1.2.3"
    resolved "http://registry.npm.taobao.org/@types/range-parser/download/@types/range-parser-1.2.3.tgz#7ee330ba7caafb98090bece86a5ee44115904c2c"
    integrity sha1-fuMwunyq+5gJC+zoal7kQRWQTCw=
  
  "@types/serve-static@*":
    version "1.13.2"
    resolved "http://registry.npm.taobao.org/@types/serve-static/download/@types/serve-static-1.13.2.tgz#f5ac4d7a6420a99a6a45af4719f4dcd8cd907a48"
    integrity sha1-9axNemQgqZpqRa9HGfTc2M2Qekg=
    dependencies:
      "@types/express-serve-static-core" "*"
      "@types/mime" "*"
  
  "@types/ws@^6.0.0":
    version "6.0.1"
    resolved "http://registry.npm.taobao.org/@types/ws/download/@types/ws-6.0.1.tgz#ca7a3f3756aa12f62a0a62145ed14c6db25d5a28"
    integrity sha1-yno/N1aqEvYqCmIUXtFMbbJdWig=
    dependencies:
      "@types/events" "*"
      "@types/node" "*"
  
  accepts@^1.3.5, accepts@~1.3.5:
    version "1.3.5"
    resolved "http://registry.npm.taobao.org/accepts/download/accepts-1.3.5.tgz#eb777df6011723a3b14e8a72c0805c8e86746bd2"
    integrity sha1-63d99gEXI6OxTopywIBcjoZ0a9I=
    dependencies:
      mime-types "~2.1.18"
      negotiator "0.6.1"
  
  apollo-cache-control@0.4.0:
    version "0.4.0"
    resolved "http://registry.npm.taobao.org/apollo-cache-control/download/apollo-cache-control-0.4.0.tgz#fec343e6ec95aa4f1b88e07e62f067bee0c48397"
    integrity sha1-/sND5uyVqk8biOB+YvBnvuDEg5c=
    dependencies:
      apollo-server-env "2.2.0"
      graphql-extensions "0.4.0"
  
  apollo-datasource@0.2.1:
    version "0.2.1"
    resolved "http://registry.npm.taobao.org/apollo-datasource/download/apollo-datasource-0.2.1.tgz#3ecef4efe64f7a04a43862f32027d38ac09e142c"
    integrity sha1-Ps707+ZPegSkOGLzICfTisCeFCw=
    dependencies:
      apollo-server-caching "0.2.1"
      apollo-server-env "2.2.0"
  
  apollo-engine-reporting-protobuf@0.2.0:
    version "0.2.0"
    resolved "http://registry.npm.taobao.org/apollo-engine-reporting-protobuf/download/apollo-engine-reporting-protobuf-0.2.0.tgz#2aaf4d2eddefe7924d469cf1135267bc0deadf73"
    integrity sha1-Kq9NLt3v55JNRpzxE1JnvA3q33M=
    dependencies:
      protobufjs "^6.8.6"
  
  apollo-engine-reporting@0.2.0:
    version "0.2.0"
    resolved "http://registry.npm.taobao.org/apollo-engine-reporting/download/apollo-engine-reporting-0.2.0.tgz#e71816b1f46e782f8538c5a118148d4c0e628e25"
    integrity sha1-5xgWsfRueC+FOMWhGBSNTA5ijiU=
    dependencies:
      apollo-engine-reporting-protobuf "0.2.0"
      apollo-server-env "2.2.0"
      async-retry "^1.2.1"
      graphql-extensions "0.4.0"
      lodash "^4.17.10"
  
  apollo-env@0.2.5:
    version "0.2.5"
    resolved "http://registry.npm.taobao.org/apollo-env/download/apollo-env-0.2.5.tgz#162c785bccd2aea69350a7600fab4b7147fc9da5"
    integrity sha1-Fix4W8zSrqaTUKdgD6tLcUf8naU=
    dependencies:
      core-js "^3.0.0-beta.3"
      node-fetch "^2.2.0"
  
  apollo-link@^1.2.3:
    version "1.2.6"
    resolved "http://registry.npm.taobao.org/apollo-link/download/apollo-link-1.2.6.tgz#d9b5676d79c01eb4e424b95c7171697f6ad2b8da"
    integrity sha1-2bVnbXnAHrTkJLlccXFpf2rSuNo=
    dependencies:
      apollo-utilities "^1.0.0"
      zen-observable-ts "^0.8.13"
  
  apollo-server-caching@0.2.1:
    version "0.2.1"
    resolved "http://registry.npm.taobao.org/apollo-server-caching/download/apollo-server-caching-0.2.1.tgz#7e67f8c8cac829e622b394f0fb82579cabbeadfd"
    integrity sha1-fmf4yMrIKeYis5Tw+4JXnKu+rf0=
    dependencies:
      lru-cache "^5.0.0"
  
  apollo-server-core@2.3.1:
    version "2.3.1"
    resolved "http://registry.npm.taobao.org/apollo-server-core/download/apollo-server-core-2.3.1.tgz#cbdc0020a0dfecf2220cf5062dbb304fdf56edf2"
    integrity sha1-y9wAIKDf7PIiDPUGLbswT99W7fI=
    dependencies:
      "@apollographql/apollo-tools" "^0.2.6"
      "@apollographql/graphql-playground-html" "^1.6.6"
      "@types/ws" "^6.0.0"
      apollo-cache-control "0.4.0"
      apollo-datasource "0.2.1"
      apollo-engine-reporting "0.2.0"
      apollo-server-caching "0.2.1"
      apollo-server-env "2.2.0"
      apollo-server-errors "2.2.0"
      apollo-server-plugin-base "0.2.1"
      apollo-tracing "0.4.0"
      graphql-extensions "0.4.1"
      graphql-subscriptions "^1.0.0"
      graphql-tag "^2.9.2"
      graphql-tools "^4.0.0"
      graphql-upload "^8.0.2"
      json-stable-stringify "^1.0.1"
      lodash "^4.17.10"
      subscriptions-transport-ws "^0.9.11"
      ws "^6.0.0"
  
  apollo-server-env@2.2.0:
    version "2.2.0"
    resolved "http://registry.npm.taobao.org/apollo-server-env/download/apollo-server-env-2.2.0.tgz#5eec5dbf46581f663fd6692b2e05c7e8ae6d6034"
    integrity sha1-Xuxdv0ZYH2Y/1mkrLgXH6K5tYDQ=
    dependencies:
      node-fetch "^2.1.2"
      util.promisify "^1.0.0"
  
  apollo-server-errors@2.2.0:
    version "2.2.0"
    resolved "http://registry.npm.taobao.org/apollo-server-errors/download/apollo-server-errors-2.2.0.tgz#5b452a1d6ff76440eb0f127511dc58031a8f3cb5"
    integrity sha1-W0UqHW/3ZEDrDxJ1EdxYAxqPPLU=
  
  apollo-server-express@2.3.1:
    version "2.3.1"
    resolved "http://registry.npm.taobao.org/apollo-server-express/download/apollo-server-express-2.3.1.tgz#0598e2fa0a0d9e6eb570c0bb6ce65c31810a9c09"
    integrity sha1-BZji+goNnm61cMC7bOZcMYEKnAk=
    dependencies:
      "@apollographql/graphql-playground-html" "^1.6.6"
      "@types/accepts" "^1.3.5"
      "@types/body-parser" "1.17.0"
      "@types/cors" "^2.8.4"
      "@types/express" "4.16.0"
      accepts "^1.3.5"
      apollo-server-core "2.3.1"
      body-parser "^1.18.3"
      cors "^2.8.4"
      graphql-subscriptions "^1.0.0"
      graphql-tools "^4.0.0"
      type-is "^1.6.16"
  
  apollo-server-plugin-base@0.2.1:
    version "0.2.1"
    resolved "http://registry.npm.taobao.org/apollo-server-plugin-base/download/apollo-server-plugin-base-0.2.1.tgz#d08c9576f7f11ab6e212f352d482faaa4059a31e"
    integrity sha1-0IyVdvfxGrbiEvNS1IL6qkBZox4=
  
  apollo-server@^2.3.1:
    version "2.3.1"
    resolved "http://registry.npm.taobao.org/apollo-server/download/apollo-server-2.3.1.tgz#4d2b6bbb48b44d86076680304705b8b7ae952d37"
    integrity sha1-TStru0i0TYYHZoAwRwW4t66VLTc=
    dependencies:
      apollo-server-core "2.3.1"
      apollo-server-express "2.3.1"
      express "^4.0.0"
      graphql-subscriptions "^1.0.0"
      graphql-tools "^4.0.0"
  
  apollo-tracing@0.4.0:
    version "0.4.0"
    resolved "http://registry.npm.taobao.org/apollo-tracing/download/apollo-tracing-0.4.0.tgz#4b939063f4292422ac5a3564b76d1d88dec0a916"
    integrity sha1-S5OQY/QpJCKsWjVkt20diN7AqRY=
    dependencies:
      apollo-server-env "2.2.0"
      graphql-extensions "0.4.0"
  
  apollo-utilities@^1.0.0, apollo-utilities@^1.0.1:
    version "1.0.27"
    resolved "http://registry.npm.taobao.org/apollo-utilities/download/apollo-utilities-1.0.27.tgz#77c550f9086552376eca3a48e234a1466b5b057e"
    integrity sha1-d8VQ+QhlUjduyjpI4jShRmtbBX4=
    dependencies:
      fast-json-stable-stringify "^2.0.0"
  
  array-flatten@1.1.1:
    version "1.1.1"
    resolved "http://registry.npm.taobao.org/array-flatten/download/array-flatten-1.1.1.tgz#9a5f699051b1e7073328f2a008968b64ea2955d2"
    integrity sha1-ml9pkFGx5wczKPKgCJaLZOopVdI=
  
  async-limiter@~1.0.0:
    version "1.0.0"
    resolved "http://registry.npm.taobao.org/async-limiter/download/async-limiter-1.0.0.tgz#78faed8c3d074ab81f22b4e985d79e8738f720f8"
    integrity sha1-ePrtjD0HSrgfIrTphdeehzj3IPg=
  
  async-retry@^1.2.1:
    version "1.2.3"
    resolved "http://registry.npm.taobao.org/async-retry/download/async-retry-1.2.3.tgz#a6521f338358d322b1a0012b79030c6f411d1ce0"
    integrity sha1-plIfM4NY0yKxoAEreQMMb0EdHOA=
    dependencies:
      retry "0.12.0"
  
  backo2@^1.0.2:
    version "1.0.2"
    resolved "http://registry.npm.taobao.org/backo2/download/backo2-1.0.2.tgz#31ab1ac8b129363463e35b3ebb69f4dfcfba7947"
    integrity sha1-MasayLEpNjRj41s+u2n038+6eUc=
  
  bluebird@^3.4.0:
    version "3.5.3"
    resolved "http://registry.npm.taobao.org/bluebird/download/bluebird-3.5.3.tgz#7d01c6f9616c9a51ab0f8c549a79dfe6ec33efa7"
    integrity sha1-fQHG+WFsmlGrD4xUmnnf5uwz76c=
  
  body-parser@1.18.3, body-parser@^1.18.3:
    version "1.18.3"
    resolved "http://registry.npm.taobao.org/body-parser/download/body-parser-1.18.3.tgz#5b292198ffdd553b3a0f20ded0592b956955c8b4"
    integrity sha1-WykhmP/dVTs6DyDe0FkrlWlVyLQ=
    dependencies:
      bytes "3.0.0"
      content-type "~1.0.4"
      debug "2.6.9"
      depd "~1.1.2"
      http-errors "~1.6.3"
      iconv-lite "0.4.23"
      on-finished "~2.3.0"
      qs "6.5.2"
      raw-body "2.3.3"
      type-is "~1.6.16"
  
  busboy@^0.2.14:
    version "0.2.14"
    resolved "http://registry.npm.taobao.org/busboy/download/busboy-0.2.14.tgz#6c2a622efcf47c57bbbe1e2a9c37ad36c7925453"
    integrity sha1-bCpiLvz0fFe7vh4qnDetNseSVFM=
    dependencies:
      dicer "0.2.5"
      readable-stream "1.1.x"
  
  bytes@3.0.0:
    version "3.0.0"
    resolved "http://registry.npm.taobao.org/bytes/download/bytes-3.0.0.tgz#d32815404d689699f85a4ea4fa8755dd13a96048"
    integrity sha1-0ygVQE1olpn4Wk6k+odV3ROpYEg=
  
  content-disposition@0.5.2:
    version "0.5.2"
    resolved "http://registry.npm.taobao.org/content-disposition/download/content-disposition-0.5.2.tgz#0cf68bb9ddf5f2be7961c3a85178cb85dba78cb4"
    integrity sha1-DPaLud318r55YcOoUXjLhdunjLQ=
  
  content-type@~1.0.4:
    version "1.0.4"
    resolved "http://registry.npm.taobao.org/content-type/download/content-type-1.0.4.tgz#e138cc75e040c727b1966fe5e5f8c9aee256fe3b"
    integrity sha1-4TjMdeBAxyexlm/l5fjJruJW/js=
  
  cookie-signature@1.0.6:
    version "1.0.6"
    resolved "http://registry.npm.taobao.org/cookie-signature/download/cookie-signature-1.0.6.tgz#e303a882b342cc3ee8ca513a79999734dab3ae2c"
    integrity sha1-4wOogrNCzD7oylE6eZmXNNqzriw=
  
  cookie@0.3.1:
    version "0.3.1"
    resolved "http://registry.npm.taobao.org/cookie/download/cookie-0.3.1.tgz#e7e0a1f9ef43b4c8ba925c5c5a96e806d16873bb"
    integrity sha1-5+Ch+e9DtMi6klxcWpboBtFoc7s=
  
  core-js@^3.0.0-beta.3:
    version "3.0.0-beta.6"
    resolved "http://registry.npm.taobao.org/core-js/download/core-js-3.0.0-beta.6.tgz#f1ee6c8bd9c1941f992fda01f886b3b40ceb1510"
    integrity sha1-8e5si9nBlB+ZL9oB+IaztAzrFRA=
  
  core-util-is@~1.0.0:
    version "1.0.2"
    resolved "http://registry.npm.taobao.org/core-util-is/download/core-util-is-1.0.2.tgz#b5fd54220aa2bc5ab57aab7140c940754503c1a7"
    integrity sha1-tf1UIgqivFq1eqtxQMlAdUUDwac=
  
  cors@^2.8.4:
    version "2.8.5"
    resolved "http://registry.npm.taobao.org/cors/download/cors-2.8.5.tgz#eac11da51592dd86b9f06f6e7ac293b3df875d29"
    integrity sha1-6sEdpRWS3Ya58G9uesKTs9+HXSk=
    dependencies:
      object-assign "^4"
      vary "^1"
  
  debug@2.6.9:
    version "2.6.9"
    resolved "http://registry.npm.taobao.org/debug/download/debug-2.6.9.tgz#5d128515df134ff327e90a4c93f4e077a536341f"
    integrity sha1-XRKFFd8TT/Mn6QpMk/Tgd6U2NB8=
    dependencies:
      ms "2.0.0"
  
  define-properties@^1.1.2:
    version "1.1.3"
    resolved "http://registry.npm.taobao.org/define-properties/download/define-properties-1.1.3.tgz#cf88da6cbee26fe6db7094f61d870cbd84cee9f1"
    integrity sha1-z4jabL7ib+bbcJT2HYcMvYTO6fE=
    dependencies:
      object-keys "^1.0.12"
  
  depd@~1.1.2:
    version "1.1.2"
    resolved "http://registry.npm.taobao.org/depd/download/depd-1.1.2.tgz#9bcd52e14c097763e749b274c4346ed2e560b5a9"
    integrity sha1-m81S4UwJd2PnSbJ0xDRu0uVgtak=
  
  deprecated-decorator@^0.1.6:
    version "0.1.6"
    resolved "http://registry.npm.taobao.org/deprecated-decorator/download/deprecated-decorator-0.1.6.tgz#00966317b7a12fe92f3cc831f7583af329b86c37"
    integrity sha1-AJZjF7ehL+kvPMgx91g68ym4bDc=
  
  destroy@~1.0.4:
    version "1.0.4"
    resolved "http://registry.npm.taobao.org/destroy/download/destroy-1.0.4.tgz#978857442c44749e4206613e37946205826abd80"
    integrity sha1-l4hXRCxEdJ5CBmE+N5RiBYJqvYA=
  
  dicer@0.2.5:
    version "0.2.5"
    resolved "http://registry.npm.taobao.org/dicer/download/dicer-0.2.5.tgz#5996c086bb33218c812c090bddc09cd12facb70f"
    integrity sha1-WZbAhrszIYyBLAkL3cCc0S+stw8=
    dependencies:
      readable-stream "1.1.x"
      streamsearch "0.1.2"
  
  ee-first@1.1.1:
    version "1.1.1"
    resolved "http://registry.npm.taobao.org/ee-first/download/ee-first-1.1.1.tgz#590c61156b0ae2f4f0255732a158b266bc56b21d"
    integrity sha1-WQxhFWsK4vTwJVcyoViyZrxWsh0=
  
  encodeurl@~1.0.2:
    version "1.0.2"
    resolved "http://registry.npm.taobao.org/encodeurl/download/encodeurl-1.0.2.tgz#ad3ff4c86ec2d029322f5a02c3a9a606c95b3f59"
    integrity sha1-rT/0yG7C0CkyL1oCw6mmBslbP1k=
  
  es-abstract@^1.5.1:
    version "1.12.0"
    resolved "http://registry.npm.taobao.org/es-abstract/download/es-abstract-1.12.0.tgz#9dbbdd27c6856f0001421ca18782d786bf8a6165"
    integrity sha1-nbvdJ8aFbwABQhyhh4LXhr+KYWU=
    dependencies:
      es-to-primitive "^1.1.1"
      function-bind "^1.1.1"
      has "^1.0.1"
      is-callable "^1.1.3"
      is-regex "^1.0.4"
  
  es-to-primitive@^1.1.1:
    version "1.2.0"
    resolved "http://registry.npm.taobao.org/es-to-primitive/download/es-to-primitive-1.2.0.tgz#edf72478033456e8dda8ef09e00ad9650707f377"
    integrity sha1-7fckeAM0VujdqO8J4ArZZQcH83c=
    dependencies:
      is-callable "^1.1.4"
      is-date-object "^1.0.1"
      is-symbol "^1.0.2"
  
  escape-html@~1.0.3:
    version "1.0.3"
    resolved "http://registry.npm.taobao.org/escape-html/download/escape-html-1.0.3.tgz#0258eae4d3d0c0974de1c169188ef0051d1d1988"
    integrity sha1-Aljq5NPQwJdN4cFpGI7wBR0dGYg=
  
  etag@~1.8.1:
    version "1.8.1"
    resolved "http://registry.npm.taobao.org/etag/download/etag-1.8.1.tgz#41ae2eeb65efa62268aebfea83ac7d79299b0887"
    integrity sha1-Qa4u62XvpiJorr/qg6x9eSmbCIc=
  
  eventemitter3@^3.1.0:
    version "3.1.0"
    resolved "http://registry.npm.taobao.org/eventemitter3/download/eventemitter3-3.1.0.tgz#090b4d6cdbd645ed10bf750d4b5407942d7ba163"
    integrity sha1-CQtNbNvWRe0Qv3UNS1QHlC17oWM=
  
  express@^4.0.0:
    version "4.16.4"
    resolved "http://registry.npm.taobao.org/express/download/express-4.16.4.tgz#fddef61926109e24c515ea97fd2f1bdbf62df12e"
    integrity sha1-/d72GSYQniTFFeqX/S8b2/Yt8S4=
    dependencies:
      accepts "~1.3.5"
      array-flatten "1.1.1"
      body-parser "1.18.3"
      content-disposition "0.5.2"
      content-type "~1.0.4"
      cookie "0.3.1"
      cookie-signature "1.0.6"
      debug "2.6.9"
      depd "~1.1.2"
      encodeurl "~1.0.2"
      escape-html "~1.0.3"
      etag "~1.8.1"
      finalhandler "1.1.1"
      fresh "0.5.2"
      merge-descriptors "1.0.1"
      methods "~1.1.2"
      on-finished "~2.3.0"
      parseurl "~1.3.2"
      path-to-regexp "0.1.7"
      proxy-addr "~2.0.4"
      qs "6.5.2"
      range-parser "~1.2.0"
      safe-buffer "5.1.2"
      send "0.16.2"
      serve-static "1.13.2"
      setprototypeof "1.1.0"
      statuses "~1.4.0"
      type-is "~1.6.16"
      utils-merge "1.0.1"
      vary "~1.1.2"
  
  fast-json-stable-stringify@^2.0.0:
    version "2.0.0"
    resolved "http://registry.npm.taobao.org/fast-json-stable-stringify/download/fast-json-stable-stringify-2.0.0.tgz#d5142c0caee6b1189f87d3a76111064f86c8bbf2"
    integrity sha1-1RQsDK7msRifh9OnYREGT4bIu/I=
  
  finalhandler@1.1.1:
    version "1.1.1"
    resolved "http://registry.npm.taobao.org/finalhandler/download/finalhandler-1.1.1.tgz#eebf4ed840079c83f4249038c9d703008301b105"
    integrity sha1-7r9O2EAHnIP0JJA4ydcDAIMBsQU=
    dependencies:
      debug "2.6.9"
      encodeurl "~1.0.2"
      escape-html "~1.0.3"
      on-finished "~2.3.0"
      parseurl "~1.3.2"
      statuses "~1.4.0"
      unpipe "~1.0.0"
  
  forwarded@~0.1.2:
    version "0.1.2"
    resolved "http://registry.npm.taobao.org/forwarded/download/forwarded-0.1.2.tgz#98c23dab1175657b8c0573e8ceccd91b0ff18c84"
    integrity sha1-mMI9qxF1ZXuMBXPozszZGw/xjIQ=
  
  fresh@0.5.2:
    version "0.5.2"
    resolved "http://registry.npm.taobao.org/fresh/download/fresh-0.5.2.tgz#3d8cadd90d976569fa835ab1f8e4b23a105605a7"
    integrity sha1-PYyt2Q2XZWn6g1qx+OSyOhBWBac=
  
  fs-capacitor@^1.0.0:
    version "1.0.1"
    resolved "http://registry.npm.taobao.org/fs-capacitor/download/fs-capacitor-1.0.1.tgz#ff9dbfa14dfaf4472537720f19c3088ed9278df0"
    integrity sha1-/52/oU369EclN3IPGcMIjtknjfA=
  
  function-bind@^1.1.1:
    version "1.1.1"
    resolved "http://registry.npm.taobao.org/function-bind/download/function-bind-1.1.1.tgz#a56899d3ea3c9bab874bb9773b7c5ede92f4895d"
    integrity sha1-pWiZ0+o8m6uHS7l3O3xe3pL0iV0=
  
  graphql-extensions@0.4.0:
    version "0.4.0"
    resolved "http://registry.npm.taobao.org/graphql-extensions/download/graphql-extensions-0.4.0.tgz#5857c7b7b9f20dbccbfd88730fffa5963b3c61ee"
    integrity sha1-WFfHt7nyDbzL/YhzD/+lljs8Ye4=
    dependencies:
      "@apollographql/apollo-tools" "^0.2.6"
  
  graphql-extensions@0.4.1:
    version "0.4.1"
    resolved "http://registry.npm.taobao.org/graphql-extensions/download/graphql-extensions-0.4.1.tgz#92c49a8409ffbfb24559d7661ab60cc90d6086e4"
    integrity sha1-ksSahAn/v7JFWddmGrYMyQ1ghuQ=
    dependencies:
      "@apollographql/apollo-tools" "^0.2.6"
  
  graphql-sequelize@^9.3.1:
    version "9.3.1"
    resolved "http://registry.npm.taobao.org/graphql-sequelize/download/graphql-sequelize-9.3.1.tgz#bf9a8dcc1f980622f07329e9f628a75d7c5b4d21"
    integrity sha1-v5qNzB+YBiLwcynp9iinXXxbTSE=
    dependencies:
      bluebird "^3.4.0"
      invariant "2.2.1"
      lodash "^4.0.0"
  
  graphql-subscriptions@^1.0.0:
    version "1.0.0"
    resolved "http://registry.npm.taobao.org/graphql-subscriptions/download/graphql-subscriptions-1.0.0.tgz#475267694b3bd465af6477dbab4263a3f62702b8"
    integrity sha1-R1JnaUs71GWvZHfbq0Jjo/YnArg=
    dependencies:
      iterall "^1.2.1"
  
  graphql-tag@^2.9.2:
    version "2.10.0"
    resolved "http://registry.npm.taobao.org/graphql-tag/download/graphql-tag-2.10.0.tgz#87da024be863e357551b2b8700e496ee2d4353ae"
    integrity sha1-h9oCS+hj41dVGyuHAOSW7i1DU64=
  
  graphql-tools@^4.0.0:
    version "4.0.3"
    resolved "http://registry.npm.taobao.org/graphql-tools/download/graphql-tools-4.0.3.tgz#23b5cb52c519212b1b2e4630a361464396ad264b"
    integrity sha1-I7XLUsUZISsbLkYwo2FGQ5atJks=
    dependencies:
      apollo-link "^1.2.3"
      apollo-utilities "^1.0.1"
      deprecated-decorator "^0.1.6"
      iterall "^1.1.3"
      uuid "^3.1.0"
  
  graphql-upload@^8.0.2:
    version "8.0.2"
    resolved "http://registry.npm.taobao.org/graphql-upload/download/graphql-upload-8.0.2.tgz#1c1f116f15b7f8485cf40ff593a21368f0f58856"
    integrity sha1-HB8RbxW3+Ehc9A/1k6ITaPD1iFY=
    dependencies:
      busboy "^0.2.14"
      fs-capacitor "^1.0.0"
      http-errors "^1.7.1"
      object-path "^0.11.4"
  
  graphql@^14.0.2:
    version "14.0.2"
    resolved "http://registry.npm.taobao.org/graphql/download/graphql-14.0.2.tgz#7dded337a4c3fd2d075692323384034b357f5650"
    integrity sha1-fd7TN6TD/S0HVpIyM4QDSzV/VlA=
    dependencies:
      iterall "^1.2.2"
  
  has-symbols@^1.0.0:
    version "1.0.0"
    resolved "http://registry.npm.taobao.org/has-symbols/download/has-symbols-1.0.0.tgz#ba1a8f1af2a0fc39650f5c850367704122063b44"
    integrity sha1-uhqPGvKg/DllD1yFA2dwQSIGO0Q=
  
  has@^1.0.1:
    version "1.0.3"
    resolved "http://registry.npm.taobao.org/has/download/has-1.0.3.tgz#722d7cbfc1f6aa8241f16dd814e011e1f41e8796"
    integrity sha1-ci18v8H2qoJB8W3YFOAR4fQeh5Y=
    dependencies:
      function-bind "^1.1.1"
  
  http-errors@1.6.3, http-errors@~1.6.2, http-errors@~1.6.3:
    version "1.6.3"
    resolved "http://registry.npm.taobao.org/http-errors/download/http-errors-1.6.3.tgz#8b55680bb4be283a0b5bf4ea2e38580be1d9320d"
    integrity sha1-i1VoC7S+KDoLW/TqLjhYC+HZMg0=
    dependencies:
      depd "~1.1.2"
      inherits "2.0.3"
      setprototypeof "1.1.0"
      statuses ">= 1.4.0 < 2"
  
  http-errors@^1.7.1:
    version "1.7.1"
    resolved "http://registry.npm.taobao.org/http-errors/download/http-errors-1.7.1.tgz#6a4ffe5d35188e1c39f872534690585852e1f027"
    integrity sha1-ak/+XTUYjhw5+HJTRpBYWFLh8Cc=
    dependencies:
      depd "~1.1.2"
      inherits "2.0.3"
      setprototypeof "1.1.0"
      statuses ">= 1.5.0 < 2"
      toidentifier "1.0.0"
  
  iconv-lite@0.4.23:
    version "0.4.23"
    resolved "http://registry.npm.taobao.org/iconv-lite/download/iconv-lite-0.4.23.tgz#297871f63be507adcfbfca715d0cd0eed84e9a63"
    integrity sha1-KXhx9jvlB63Pv8pxXQzQ7thOmmM=
    dependencies:
      safer-buffer ">= 2.1.2 < 3"
  
  inherits@2.0.3, inherits@~2.0.1:
    version "2.0.3"
    resolved "http://registry.npm.taobao.org/inherits/download/inherits-2.0.3.tgz#633c2c83e3da42a502f52466022480f4208261de"
    integrity sha1-Yzwsg+PaQqUC9SRmAiSA9CCCYd4=
  
  invariant@2.2.1:
    version "2.2.1"
    resolved "http://registry.npm.taobao.org/invariant/download/invariant-2.2.1.tgz#b097010547668c7e337028ebe816ebe36c8a8d54"
    integrity sha1-sJcBBUdmjH4zcCjr6Bbr42yKjVQ=
    dependencies:
      loose-envify "^1.0.0"
  
  ipaddr.js@1.8.0:
    version "1.8.0"
    resolved "http://registry.npm.taobao.org/ipaddr.js/download/ipaddr.js-1.8.0.tgz#eaa33d6ddd7ace8f7f6fe0c9ca0440e706738b1e"
    integrity sha1-6qM9bd16zo9/b+DJygRA5wZzix4=
  
  is-callable@^1.1.3, is-callable@^1.1.4:
    version "1.1.4"
    resolved "http://registry.npm.taobao.org/is-callable/download/is-callable-1.1.4.tgz#1e1adf219e1eeb684d691f9d6a05ff0d30a24d75"
    integrity sha1-HhrfIZ4e62hNaR+dagX/DTCiTXU=
  
  is-date-object@^1.0.1:
    version "1.0.1"
    resolved "http://registry.npm.taobao.org/is-date-object/download/is-date-object-1.0.1.tgz#9aa20eb6aeebbff77fbd33e74ca01b33581d3a16"
    integrity sha1-mqIOtq7rv/d/vTPnTKAbM1gdOhY=
  
  is-regex@^1.0.4:
    version "1.0.4"
    resolved "http://registry.npm.taobao.org/is-regex/download/is-regex-1.0.4.tgz#5517489b547091b0930e095654ced25ee97e9491"
    integrity sha1-VRdIm1RwkbCTDglWVM7SXul+lJE=
    dependencies:
      has "^1.0.1"
  
  is-symbol@^1.0.2:
    version "1.0.2"
    resolved "http://registry.npm.taobao.org/is-symbol/download/is-symbol-1.0.2.tgz#a055f6ae57192caee329e7a860118b497a950f38"
    integrity sha1-oFX2rlcZLK7jKeeoYBGLSXqVDzg=
    dependencies:
      has-symbols "^1.0.0"
  
  isarray@0.0.1:
    version "0.0.1"
    resolved "http://registry.npm.taobao.org/isarray/download/isarray-0.0.1.tgz#8a18acfca9a8f4177e09abfc6038939b05d1eedf"
    integrity sha1-ihis/Kmo9Bd+Cav8YDiTmwXR7t8=
  
  iterall@^1.1.3, iterall@^1.2.1, iterall@^1.2.2:
    version "1.2.2"
    resolved "http://registry.npm.taobao.org/iterall/download/iterall-1.2.2.tgz#92d70deb8028e0c39ff3164fdbf4d8b088130cd7"
    integrity sha1-ktcN64Ao4MOf8xZP2/TYsIgTDNc=
  
  "js-tokens@^3.0.0 || ^4.0.0":
    version "4.0.0"
    resolved "http://registry.npm.taobao.org/js-tokens/download/js-tokens-4.0.0.tgz#19203fb59991df98e3a287050d4647cdeaf32499"
    integrity sha1-GSA/tZmR35jjoocFDUZHzerzJJk=
  
  json-stable-stringify@^1.0.1:
    version "1.0.1"
    resolved "http://registry.npm.taobao.org/json-stable-stringify/download/json-stable-stringify-1.0.1.tgz#9a759d39c5f2ff503fd5300646ed445f88c4f9af"
    integrity sha1-mnWdOcXy/1A/1TAGRu1EX4jE+a8=
    dependencies:
      jsonify "~0.0.0"
  
  jsonify@~0.0.0:
    version "0.0.0"
    resolved "http://registry.npm.taobao.org/jsonify/download/jsonify-0.0.0.tgz#2c74b6ee41d93ca51b7b5aaee8f503631d252a73"
    integrity sha1-LHS27kHZPKUbe1qu6PUDYx0lKnM=
  
  lodash@^4.0.0, lodash@^4.17.10:
    version "4.17.11"
    resolved "http://registry.npm.taobao.org/lodash/download/lodash-4.17.11.tgz#b39ea6229ef607ecd89e2c8df12536891cac9b8d"
    integrity sha1-s56mIp72B+zYniyN8SU2iRysm40=
  
  long@^4.0.0:
    version "4.0.0"
    resolved "http://registry.npm.taobao.org/long/download/long-4.0.0.tgz#9a7b71cfb7d361a194ea555241c92f7468d5bf28"
    integrity sha1-mntxz7fTYaGU6lVSQckvdGjVvyg=
  
  loose-envify@^1.0.0:
    version "1.4.0"
    resolved "http://registry.npm.taobao.org/loose-envify/download/loose-envify-1.4.0.tgz#71ee51fa7be4caec1a63839f7e682d8132d30caf"
    integrity sha1-ce5R+nvkyuwaY4OffmgtgTLTDK8=
    dependencies:
      js-tokens "^3.0.0 || ^4.0.0"
  
  lru-cache@^5.0.0:
    version "5.1.1"
    resolved "http://registry.npm.taobao.org/lru-cache/download/lru-cache-5.1.1.tgz#1da27e6710271947695daf6848e847f01d84b920"
    integrity sha1-HaJ+ZxAnGUdpXa9oSOhH8B2EuSA=
    dependencies:
      yallist "^3.0.2"
  
  media-typer@0.3.0:
    version "0.3.0"
    resolved "http://registry.npm.taobao.org/media-typer/download/media-typer-0.3.0.tgz#8710d7af0aa626f8fffa1ce00168545263255748"
    integrity sha1-hxDXrwqmJvj/+hzgAWhUUmMlV0g=
  
  merge-descriptors@1.0.1:
    version "1.0.1"
    resolved "http://registry.npm.taobao.org/merge-descriptors/download/merge-descriptors-1.0.1.tgz#b00aaa556dd8b44568150ec9d1b953f3f90cbb61"
    integrity sha1-sAqqVW3YtEVoFQ7J0blT8/kMu2E=
  
  methods@~1.1.2:
    version "1.1.2"
    resolved "http://registry.npm.taobao.org/methods/download/methods-1.1.2.tgz#5529a4d67654134edcc5266656835b0f851afcee"
    integrity sha1-VSmk1nZUE07cxSZmVoNbD4Ua/O4=
  
  mime-db@~1.37.0:
    version "1.37.0"
    resolved "http://registry.npm.taobao.org/mime-db/download/mime-db-1.37.0.tgz#0b6a0ce6fdbe9576e25f1f2d2fde8830dc0ad0d8"
    integrity sha1-C2oM5v2+lXbiXx8tL96IMNwK0Ng=
  
  mime-types@~2.1.18:
    version "2.1.21"
    resolved "http://registry.npm.taobao.org/mime-types/download/mime-types-2.1.21.tgz#28995aa1ecb770742fe6ae7e58f9181c744b3f96"
    integrity sha1-KJlaoey3cHQv5q5+WPkYHHRLP5Y=
    dependencies:
      mime-db "~1.37.0"
  
  mime@1.4.1:
    version "1.4.1"
    resolved "http://registry.npm.taobao.org/mime/download/mime-1.4.1.tgz#121f9ebc49e3766f311a76e1fa1c8003c4b03aa6"
    integrity sha1-Eh+evEnjdm8xGnbh+hyAA8SwOqY=
  
  ms@2.0.0:
    version "2.0.0"
    resolved "http://registry.npm.taobao.org/ms/download/ms-2.0.0.tgz#5608aeadfc00be6c2901df5f9861788de0d597c8"
    integrity sha1-VgiurfwAvmwpAd9fmGF4jeDVl8g=
  
  negotiator@0.6.1:
    version "0.6.1"
    resolved "http://registry.npm.taobao.org/negotiator/download/negotiator-0.6.1.tgz#2b327184e8992101177b28563fb5e7102acd0ca9"
    integrity sha1-KzJxhOiZIQEXeyhWP7XnECrNDKk=
  
  node-fetch@^2.1.2, node-fetch@^2.2.0:
    version "2.3.0"
    resolved "http://registry.npm.taobao.org/node-fetch/download/node-fetch-2.3.0.tgz#1a1d940bbfb916a1d3e0219f037e89e71f8c5fa5"
    integrity sha1-Gh2UC7+5FqHT4CGfA36J5x+MX6U=
  
  object-assign@^4:
    version "4.1.1"
    resolved "http://registry.npm.taobao.org/object-assign/download/object-assign-4.1.1.tgz#2109adc7965887cfc05cbbd442cac8bfbb360863"
    integrity sha1-IQmtx5ZYh8/AXLvUQsrIv7s2CGM=
  
  object-keys@^1.0.12:
    version "1.0.12"
    resolved "http://registry.npm.taobao.org/object-keys/download/object-keys-1.0.12.tgz#09c53855377575310cca62f55bb334abff7b3ed2"
    integrity sha1-CcU4VTd1dTEMymL1W7M0q/97PtI=
  
  object-path@^0.11.4:
    version "0.11.4"
    resolved "http://registry.npm.taobao.org/object-path/download/object-path-0.11.4.tgz#370ae752fbf37de3ea70a861c23bba8915691949"
    integrity sha1-NwrnUvvzfePqcKhhwju6iRVpGUk=
  
  object.getownpropertydescriptors@^2.0.3:
    version "2.0.3"
    resolved "http://registry.npm.taobao.org/object.getownpropertydescriptors/download/object.getownpropertydescriptors-2.0.3.tgz#8758c846f5b407adab0f236e0986f14b051caa16"
    integrity sha1-h1jIRvW0B62rDyNuCYbxSwUcqhY=
    dependencies:
      define-properties "^1.1.2"
      es-abstract "^1.5.1"
  
  on-finished@~2.3.0:
    version "2.3.0"
    resolved "http://registry.npm.taobao.org/on-finished/download/on-finished-2.3.0.tgz#20f1336481b083cd75337992a16971aa2d906947"
    integrity sha1-IPEzZIGwg811M3mSoWlxqi2QaUc=
    dependencies:
      ee-first "1.1.1"
  
  parseurl@~1.3.2:
    version "1.3.2"
    resolved "http://registry.npm.taobao.org/parseurl/download/parseurl-1.3.2.tgz#fc289d4ed8993119460c156253262cdc8de65bf3"
    integrity sha1-/CidTtiZMRlGDBViUyYs3I3mW/M=
  
  path-to-regexp@0.1.7:
    version "0.1.7"
    resolved "http://registry.npm.taobao.org/path-to-regexp/download/path-to-regexp-0.1.7.tgz#df604178005f522f15eb4490e7247a1bfaa67f8c"
    integrity sha1-32BBeABfUi8V60SQ5yR6G/qmf4w=
  
  protobufjs@^6.8.6:
    version "6.8.8"
    resolved "http://registry.npm.taobao.org/protobufjs/download/protobufjs-6.8.8.tgz#c8b4f1282fd7a90e6f5b109ed11c84af82908e7c"
    integrity sha1-yLTxKC/XqQ5vWxCe0RyEr4KQjnw=
    dependencies:
      "@protobufjs/aspromise" "^1.1.2"
      "@protobufjs/base64" "^1.1.2"
      "@protobufjs/codegen" "^2.0.4"
      "@protobufjs/eventemitter" "^1.1.0"
      "@protobufjs/fetch" "^1.1.0"
      "@protobufjs/float" "^1.0.2"
      "@protobufjs/inquire" "^1.1.0"
      "@protobufjs/path" "^1.1.2"
      "@protobufjs/pool" "^1.1.0"
      "@protobufjs/utf8" "^1.1.0"
      "@types/long" "^4.0.0"
      "@types/node" "^10.1.0"
      long "^4.0.0"
  
  proxy-addr@~2.0.4:
    version "2.0.4"
    resolved "http://registry.npm.taobao.org/proxy-addr/download/proxy-addr-2.0.4.tgz#ecfc733bf22ff8c6f407fa275327b9ab67e48b93"
    integrity sha1-7PxzO/Iv+Mb0B/onUye5q2fki5M=
    dependencies:
      forwarded "~0.1.2"
      ipaddr.js "1.8.0"
  
  qs@6.5.2:
    version "6.5.2"
    resolved "http://registry.npm.taobao.org/qs/download/qs-6.5.2.tgz#cb3ae806e8740444584ef154ce8ee98d403f3e36"
    integrity sha1-yzroBuh0BERYTvFUzo7pjUA/PjY=
  
  range-parser@~1.2.0:
    version "1.2.0"
    resolved "http://registry.npm.taobao.org/range-parser/download/range-parser-1.2.0.tgz#f49be6b487894ddc40dcc94a322f611092e00d5e"
    integrity sha1-9JvmtIeJTdxA3MlKMi9hEJLgDV4=
  
  raw-body@2.3.3:
    version "2.3.3"
    resolved "http://registry.npm.taobao.org/raw-body/download/raw-body-2.3.3.tgz#1b324ece6b5706e153855bc1148c65bb7f6ea0c3"
    integrity sha1-GzJOzmtXBuFThVvBFIxlu39uoMM=
    dependencies:
      bytes "3.0.0"
      http-errors "1.6.3"
      iconv-lite "0.4.23"
      unpipe "1.0.0"
  
  readable-stream@1.1.x:
    version "1.1.14"
    resolved "http://registry.npm.taobao.org/readable-stream/download/readable-stream-1.1.14.tgz#7cf4c54ef648e3813084c636dd2079e166c081d9"
    integrity sha1-fPTFTvZI44EwhMY23SB54WbAgdk=
    dependencies:
      core-util-is "~1.0.0"
      inherits "~2.0.1"
      isarray "0.0.1"
      string_decoder "~0.10.x"
  
  retry@0.12.0:
    version "0.12.0"
    resolved "http://registry.npm.taobao.org/retry/download/retry-0.12.0.tgz#1b42a6266a21f07421d1b0b54b7dc167b01c013b"
    integrity sha1-G0KmJmoh8HQh0bC1S33BZ7AcATs=
  
  safe-buffer@5.1.2:
    version "5.1.2"
    resolved "http://registry.npm.taobao.org/safe-buffer/download/safe-buffer-5.1.2.tgz#991ec69d296e0313747d59bdfd2b745c35f8828d"
    integrity sha1-mR7GnSluAxN0fVm9/St0XDX4go0=
  
  "safer-buffer@>= 2.1.2 < 3":
    version "2.1.2"
    resolved "http://registry.npm.taobao.org/safer-buffer/download/safer-buffer-2.1.2.tgz#44fa161b0187b9549dd84bb91802f9bd8385cd6a"
    integrity sha1-RPoWGwGHuVSd2Eu5GAL5vYOFzWo=
  
  send@0.16.2:
    version "0.16.2"
    resolved "http://registry.npm.taobao.org/send/download/send-0.16.2.tgz#6ecca1e0f8c156d141597559848df64730a6bbc1"
    integrity sha1-bsyh4PjBVtFBWXVZhI32RzCmu8E=
    dependencies:
      debug "2.6.9"
      depd "~1.1.2"
      destroy "~1.0.4"
      encodeurl "~1.0.2"
      escape-html "~1.0.3"
      etag "~1.8.1"
      fresh "0.5.2"
      http-errors "~1.6.2"
      mime "1.4.1"
      ms "2.0.0"
      on-finished "~2.3.0"
      range-parser "~1.2.0"
      statuses "~1.4.0"
  
  serve-static@1.13.2:
    version "1.13.2"
    resolved "http://registry.npm.taobao.org/serve-static/download/serve-static-1.13.2.tgz#095e8472fd5b46237db50ce486a43f4b86c6cec1"
    integrity sha1-CV6Ecv1bRiN9tQzkhqQ/S4bGzsE=
    dependencies:
      encodeurl "~1.0.2"
      escape-html "~1.0.3"
      parseurl "~1.3.2"
      send "0.16.2"
  
  setprototypeof@1.1.0:
    version "1.1.0"
    resolved "http://registry.npm.taobao.org/setprototypeof/download/setprototypeof-1.1.0.tgz#d0bd85536887b6fe7c0d818cb962d9d91c54e656"
    integrity sha1-0L2FU2iHtv58DYGMuWLZ2RxU5lY=
  
  "statuses@>= 1.4.0 < 2", "statuses@>= 1.5.0 < 2":
    version "1.5.0"
    resolved "http://registry.npm.taobao.org/statuses/download/statuses-1.5.0.tgz#161c7dac177659fd9811f43771fa99381478628c"
    integrity sha1-Fhx9rBd2Wf2YEfQ3cfqZOBR4Yow=
  
  statuses@~1.4.0:
    version "1.4.0"
    resolved "http://registry.npm.taobao.org/statuses/download/statuses-1.4.0.tgz#bb73d446da2796106efcc1b601a253d6c46bd087"
    integrity sha1-u3PURtonlhBu/MG2AaJT1sRr0Ic=
  
  streamsearch@0.1.2:
    version "0.1.2"
    resolved "http://registry.npm.taobao.org/streamsearch/download/streamsearch-0.1.2.tgz#808b9d0e56fc273d809ba57338e929919a1a9f1a"
    integrity sha1-gIudDlb8Jz2Am6VzOOkpkZoanxo=
  
  string_decoder@~0.10.x:
    version "0.10.31"
    resolved "http://registry.npm.taobao.org/string_decoder/download/string_decoder-0.10.31.tgz#62e203bc41766c6c28c9fc84301dab1c5310fa94"
    integrity sha1-YuIDvEF2bGwoyfyEMB2rHFMQ+pQ=
  
  subscriptions-transport-ws@^0.9.11:
    version "0.9.15"
    resolved "http://registry.npm.taobao.org/subscriptions-transport-ws/download/subscriptions-transport-ws-0.9.15.tgz#68a8b7ba0037d8c489fb2f5a102d1494db297d0d"
    integrity sha1-aKi3ugA32MSJ+y9aEC0UlNspfQ0=
    dependencies:
      backo2 "^1.0.2"
      eventemitter3 "^3.1.0"
      iterall "^1.2.1"
      symbol-observable "^1.0.4"
      ws "^5.2.0"
  
  symbol-observable@^1.0.4:
    version "1.2.0"
    resolved "http://registry.npm.taobao.org/symbol-observable/download/symbol-observable-1.2.0.tgz#c22688aed4eab3cdc2dfeacbb561660560a00804"
    integrity sha1-wiaIrtTqs83C3+rLtWFmBWCgCAQ=
  
  toidentifier@1.0.0:
    version "1.0.0"
    resolved "http://registry.npm.taobao.org/toidentifier/download/toidentifier-1.0.0.tgz#7e1be3470f1e77948bc43d94a3c8f4d7752ba553"
    integrity sha1-fhvjRw8ed5SLxD2Uo8j013UrpVM=
  
  type-is@^1.6.16, type-is@~1.6.16:
    version "1.6.16"
    resolved "http://registry.npm.taobao.org/type-is/download/type-is-1.6.16.tgz#f89ce341541c672b25ee7ae3c73dee3b2be50194"
    integrity sha1-+JzjQVQcZysl7nrjxz3uOyvlAZQ=
    dependencies:
      media-typer "0.3.0"
      mime-types "~2.1.18"
  
  unpipe@1.0.0, unpipe@~1.0.0:
    version "1.0.0"
    resolved "http://registry.npm.taobao.org/unpipe/download/unpipe-1.0.0.tgz#b2bf4ee8514aae6165b4817829d21b2ef49904ec"
    integrity sha1-sr9O6FFKrmFltIF4KdIbLvSZBOw=
  
  util.promisify@^1.0.0:
    version "1.0.0"
    resolved "http://registry.npm.taobao.org/util.promisify/download/util.promisify-1.0.0.tgz#440f7165a459c9a16dc145eb8e72f35687097030"
    integrity sha1-RA9xZaRZyaFtwUXrjnLzVocJcDA=
    dependencies:
      define-properties "^1.1.2"
      object.getownpropertydescriptors "^2.0.3"
  
  utils-merge@1.0.1:
    version "1.0.1"
    resolved "http://registry.npm.taobao.org/utils-merge/download/utils-merge-1.0.1.tgz#9f95710f50a267947b2ccc124741c1028427e713"
    integrity sha1-n5VxD1CiZ5R7LMwSR0HBAoQn5xM=
  
  uuid@^3.1.0:
    version "3.3.2"
    resolved "http://registry.npm.taobao.org/uuid/download/uuid-3.3.2.tgz#1b4af4955eb3077c501c23872fc6513811587131"
    integrity sha1-G0r0lV6zB3xQHCOHL8ZROBFYcTE=
  
  vary@^1, vary@~1.1.2:
    version "1.1.2"
    resolved "http://registry.npm.taobao.org/vary/download/vary-1.1.2.tgz#2299f02c6ded30d4a5961b0b9f74524a18f634fc"
    integrity sha1-IpnwLG3tMNSllhsLn3RSShj2NPw=
  
  ws@^5.2.0:
    version "5.2.2"
    resolved "http://registry.npm.taobao.org/ws/download/ws-5.2.2.tgz#dffef14866b8e8dc9133582514d1befaf96e980f"
    integrity sha1-3/7xSGa46NyRM1glFNG++vlumA8=
    dependencies:
      async-limiter "~1.0.0"
  
  ws@^6.0.0:
    version "6.1.2"
    resolved "http://registry.npm.taobao.org/ws/download/ws-6.1.2.tgz#3cc7462e98792f0ac679424148903ded3b9c3ad8"
    integrity sha1-PMdGLph5LwrGeUJBSJA97TucOtg=
    dependencies:
      async-limiter "~1.0.0"
  
  yallist@^3.0.2:
    version "3.0.3"
    resolved "http://registry.npm.taobao.org/yallist/download/yallist-3.0.3.tgz#b4b049e314be545e3ce802236d6cd22cd91c3de9"
    integrity sha1-tLBJ4xS+VF486AIjbWzSLNkcPek=
  
  zen-observable-ts@^0.8.13:
    version "0.8.13"
    resolved "http://registry.npm.taobao.org/zen-observable-ts/download/zen-observable-ts-0.8.13.tgz#ae1fd77c84ef95510188b1f8bca579d7a5448fc2"
    integrity sha1-rh/XfITvlVEBiLH4vKV516VEj8I=
    dependencies:
      zen-observable "^0.8.0"
  
  zen-observable@^0.8.0:
    version "0.8.11"
    resolved "http://registry.npm.taobao.org/zen-observable/download/zen-observable-0.8.11.tgz#d3415885eeeb42ee5abb9821c95bb518fcd6d199"
    integrity sha1-00FYhe7rQu5au5ghyVu1GPzW0Zk=
